Using pre-set license
Built from '2020.3/staging' branch; Version is '2020.3.22f1 (e1a7f79fd887) revision 14788599'; Using compiler version '192528614'; Build Type 'Release'
OS: 'Windows 10 Pro; OS build 19042.1348; Version 2009; 64bit' Language: 'it' Physical Memory: 16336 MB
BatchMode: 1, IsHumanControllingUs: 0, StartBugReporterOnCrash: 0, Is64bit: 1, IsPro: 0

COMMAND LINE ARGUMENTS:
I:\2020.3.22f1\Editor\Unity.exe
-adb2
-batchMode
-noUpm
-name
AssetImportWorker1
-projectPath
I:/GitHubRepo/Programming-Theory-Repo/My project
-logFile
Logs/AssetImportWorker1.log
-srvPort
52323
Successfully changed project path to: I:/GitHubRepo/Programming-Theory-Repo/My project
I:/GitHubRepo/Programming-Theory-Repo/My project
Using Asset Import Pipeline V2.
Refreshing native plugins compatible for Editor in 69.46 ms, found 2 plugins.
Preloading 0 native plugins for Editor in 0.00 ms.
Initialize engine version: 2020.3.22f1 (e1a7f79fd887)
[Subsystems] Discovering subsystems at path I:/2020.3.22f1/Editor/Data/Resources/UnitySubsystems
[Subsystems] Discovering subsystems at path I:/GitHubRepo/Programming-Theory-Repo/My project/Assets
GfxDevice: creating device client; threaded=0
Direct3D:
    Version:  Direct3D 11.0 [level 11.1]
    Renderer: Radeon RX 580 Series (ID=0x67df)
    Vendor:   
    VRAM:     8171 MB
    Driver:   30.0.14011.3017
Initialize mono
Mono path[0] = 'I:/2020.3.22f1/Editor/Data/Managed'
Mono path[1] = 'I:/2020.3.22f1/Editor/Data/MonoBleedingEdge/lib/mono/unityjit'
Mono config path = 'I:/2020.3.22f1/Editor/Data/MonoBleedingEdge/etc'
Using monoOptions --debugger-agent=transport=dt_socket,embedding=1,server=y,suspend=n,address=127.0.0.1:56852
Begin MonoManager ReloadAssembly
Registering precompiled unity dll's ...
Register platform support module: I:/2020.3.22f1/Editor/Data/PlaybackEngines/WebGLSupport/UnityEditor.WebGL.Extensions.dll
Register platform support module: I:/2020.3.22f1/Editor/Data/PlaybackEngines/WindowsStandaloneSupport/UnityEditor.WindowsStandalone.Extensions.dll
Register platform support module: I:/2020.3.22f1/Editor/Data/PlaybackEngines/LinuxStandaloneSupport/UnityEditor.LinuxStandalone.Extensions.dll
Registered in 0.007679 seconds.
Native extension for LinuxStandalone target not found
Native extension for WindowsStandalone target not found
Native extension for WebGL target not found
Refreshing native plugins compatible for Editor in 64.90 ms, found 2 plugins.
Preloading 0 native plugins for Editor in 0.00 ms.
Mono: successfully reloaded assembly
- Completed reload, in  3.446 seconds
Domain Reload Profiling:
	ReloadAssembly (3446ms)
		BeginReloadAssembly (88ms)
			ExecutionOrderSort (0ms)
			DisableScriptedObjects (0ms)
			BackupInstance (0ms)
			ReleaseScriptingObjects (0ms)
			CreateAndSetChildDomain (1ms)
		EndReloadAssembly (544ms)
			LoadAssemblies (82ms)
			RebuildTransferFunctionScriptingTraits (0ms)
			SetupTypeCache (172ms)
			ReleaseScriptCaches (0ms)
			RebuildScriptCaches (30ms)
			SetupLoadedEditorAssemblies (214ms)
				LogAssemblyErrors (0ms)
				InitializePlatformSupportModulesInManaged (8ms)
				SetLoadedEditorAssemblies (0ms)
				RefreshPlugins (65ms)
				BeforeProcessingInitializeOnLoad (19ms)
				ProcessInitializeOnLoadAttributes (90ms)
				ProcessInitializeOnLoadMethodAttributes (32ms)
				AfterProcessingInitializeOnLoad (0ms)
				EditorAssembliesLoaded (0ms)
			ExecutionOrderSort2 (0ms)
			AwakeInstancesAfterBackupRestoration (0ms)
Platform modules already initialized, skipping
Registering precompiled user dll's ...
Registered in 0.012053 seconds.
Begin MonoManager ReloadAssembly
Native extension for LinuxStandalone target not found
Native extension for WindowsStandalone target not found
Native extension for WebGL target not found
Refreshing native plugins compatible for Editor in 65.43 ms, found 2 plugins.
Preloading 0 native plugins for Editor in 0.00 ms.
Mono: successfully reloaded assembly
- Completed reload, in  1.634 seconds
Domain Reload Profiling:
	ReloadAssembly (1636ms)
		BeginReloadAssembly (190ms)
			ExecutionOrderSort (0ms)
			DisableScriptedObjects (5ms)
			BackupInstance (0ms)
			ReleaseScriptingObjects (0ms)
			CreateAndSetChildDomain (20ms)
		EndReloadAssembly (1349ms)
			LoadAssemblies (149ms)
			RebuildTransferFunctionScriptingTraits (0ms)
			SetupTypeCache (388ms)
			ReleaseScriptCaches (1ms)
			RebuildScriptCaches (59ms)
			SetupLoadedEditorAssemblies (606ms)
				LogAssemblyErrors (0ms)
				InitializePlatformSupportModulesInManaged (8ms)
				SetLoadedEditorAssemblies (0ms)
				RefreshPlugins (66ms)
				BeforeProcessingInitializeOnLoad (129ms)
				ProcessInitializeOnLoadAttributes (371ms)
				ProcessInitializeOnLoadMethodAttributes (12ms)
				AfterProcessingInitializeOnLoad (20ms)
				EditorAssembliesLoaded (0ms)
			ExecutionOrderSort2 (0ms)
			AwakeInstancesAfterBackupRestoration (7ms)
Platform modules already initialized, skipping
========================================================================
Worker process is ready to serve import requests
Launched and connected shader compiler UnityShaderCompiler.exe after 0.11 seconds
Refreshing native plugins compatible for Editor in 0.67 ms, found 2 plugins.
Preloading 0 native plugins for Editor in 0.00 ms.
Unloading 2929 Unused Serialized files (Serialized files now loaded: 0)
System memory in use before: 129.4 MB.
System memory in use after: 129.6 MB.

Unloading 20 unused Assets to reduce memory usage. Loaded Objects now: 3361.
Total: 4.078900 ms (FindLiveObjects: 0.337000 ms CreateObjectMapping: 0.076300 ms MarkObjects: 3.550200 ms  DeleteObjects: 0.113100 ms)

AssetImportParameters requested are different than current active one (requested -> active):
  custom:framework-win-MediaFoundation: 216162199b28c13a410421893ffa2e32 -> 
  custom:video-decoder-ogg-theora: a1e56fd34408186e4bbccfd4996cb3dc -> 
  custom:container-muxer-webm: aa71ff27fc2769a1b78a27578f13a17b -> 
  custom:container-demuxer-webm: 4f35f7cbe854078d1ac9338744f61a02 -> 
  custom:container-demuxer-ogg: 62fdf1f143b41e24485cea50d1cbac27 -> 
  custom:video-encoder-webm-vp8: eb34c28f22e8b96e1ab97ce403110664 -> 
  custom:video-codec-MediaFoundation-h265: e54d7ab0439102e2317fc1e4b246158d -> 
  custom:video-decoder-webm-vp8: 9c59270c3fd7afecdb556c50c9e8de78 -> 
  custom:audio-decoder-ogg-vorbis: bf7c407c2cedff20999df2af8eb42d56 -> 
  custom:audio-encoder-webm-vorbis: bf7c407c2cedff20999df2af8eb42d56 -> 
========================================================================
Received Import Request.
  path: Packages/com.unity.render-pipelines.universal/Shaders/Unity.RenderPipelines.Universal.Shaders.asmdef
  artifactKey: Guid(b4517ec124862cb4bb3b8b27d72843a6) Importer(815301076,1909f56bfc062723c751e8b465ee728b)
Start importing Packages/com.unity.render-pipelines.universal/Shaders/Unity.RenderPipelines.Universal.Shaders.asmdef using Guid(b4517ec124862cb4bb3b8b27d72843a6) Importer(815301076,1909f56bfc062723c751e8b465ee728b)  -> (artifact id: '6dcf4ccd8f62beca0655b25cff49bc89') in 0.040250 seconds 
  Import took 0.045079 seconds .

========================================================================
Received Prepare
Registering precompiled user dll's ...
Registered in 0.011034 seconds.
Begin MonoManager ReloadAssembly
Native extension for LinuxStandalone target not found
Native extension for WindowsStandalone target not found
Native extension for WebGL target not found
Refreshing native plugins compatible for Editor in 0.65 ms, found 2 plugins.
Preloading 0 native plugins for Editor in 0.00 ms.
Mono: successfully reloaded assembly
- Completed reload, in  1.380 seconds
Domain Reload Profiling:
	ReloadAssembly (1381ms)
		BeginReloadAssembly (166ms)
			ExecutionOrderSort (0ms)
			DisableScriptedObjects (5ms)
			BackupInstance (0ms)
			ReleaseScriptingObjects (0ms)
			CreateAndSetChildDomain (43ms)
		EndReloadAssembly (1118ms)
			LoadAssemblies (142ms)
			RebuildTransferFunctionScriptingTraits (0ms)
			SetupTypeCache (390ms)
			ReleaseScriptCaches (1ms)
			RebuildScriptCaches (47ms)
			SetupLoadedEditorAssemblies (409ms)
				LogAssemblyErrors (0ms)
				InitializePlatformSupportModulesInManaged (8ms)
				SetLoadedEditorAssemblies (1ms)
				RefreshPlugins (1ms)
				BeforeProcessingInitializeOnLoad (128ms)
				ProcessInitializeOnLoadAttributes (240ms)
				ProcessInitializeOnLoadMethodAttributes (11ms)
				AfterProcessingInitializeOnLoad (20ms)
				EditorAssembliesLoaded (0ms)
			ExecutionOrderSort2 (0ms)
			AwakeInstancesAfterBackupRestoration (11ms)
Platform modules already initialized, skipping
Refreshing native plugins compatible for Editor in 0.74 ms, found 2 plugins.
Preloading 0 native plugins for Editor in 0.00 ms.
Unloading 2830 Unused Serialized files (Serialized files now loaded: 0)
System memory in use before: 122.6 MB.
System memory in use after: 122.8 MB.

Unloading 16 unused Assets to reduce memory usage. Loaded Objects now: 3375.
Total: 4.138500 ms (FindLiveObjects: 0.342200 ms CreateObjectMapping: 0.078200 ms MarkObjects: 3.683200 ms  DeleteObjects: 0.032900 ms)

AssetImportParameters requested are different than current active one (requested -> active):
  custom:framework-win-MediaFoundation: 216162199b28c13a410421893ffa2e32 -> 
  custom:video-decoder-ogg-theora: a1e56fd34408186e4bbccfd4996cb3dc -> 
  custom:container-muxer-webm: aa71ff27fc2769a1b78a27578f13a17b -> 
  custom:container-demuxer-webm: 4f35f7cbe854078d1ac9338744f61a02 -> 
  custom:container-demuxer-ogg: 62fdf1f143b41e24485cea50d1cbac27 -> 
  custom:video-encoder-webm-vp8: eb34c28f22e8b96e1ab97ce403110664 -> 
  custom:video-codec-MediaFoundation-h265: e54d7ab0439102e2317fc1e4b246158d -> 
  custom:video-decoder-webm-vp8: 9c59270c3fd7afecdb556c50c9e8de78 -> 
  custom:audio-decoder-ogg-vorbis: bf7c407c2cedff20999df2af8eb42d56 -> 
  custom:audio-encoder-webm-vorbis: bf7c407c2cedff20999df2af8eb42d56 -> 
========================================================================
Received Import Request.
  Time since last request: 597.888115 seconds.
  path: Assets/Asset Unlock - 3D Prototyping/Settings/UniversalRenderPipelineAsset.asset
  artifactKey: Guid(472f49eb19962e34184eceef7a576200) Importer(815301076,1909f56bfc062723c751e8b465ee728b)
Start importing Assets/Asset Unlock - 3D Prototyping/Settings/UniversalRenderPipelineAsset.asset using Guid(472f49eb19962e34184eceef7a576200) Importer(815301076,1909f56bfc062723c751e8b465ee728b)  -> (artifact id: '0fae484b2fc4d1577e9be70a784d0750') in 0.025568 seconds 
  Import took 0.030809 seconds .

========================================================================
Received Import Request.
  Time since last request: 0.000202 seconds.
  path: Assets/Asset Unlock - 3D Prototyping/Settings/UniversalRenderPipelineAsset_Renderer.asset
  artifactKey: Guid(1fc187d3514d7824dbf7bea6adfeedc2) Importer(815301076,1909f56bfc062723c751e8b465ee728b)
Start importing Assets/Asset Unlock - 3D Prototyping/Settings/UniversalRenderPipelineAsset_Renderer.asset using Guid(1fc187d3514d7824dbf7bea6adfeedc2) Importer(815301076,1909f56bfc062723c751e8b465ee728b)  -> (artifact id: 'f4c1b6551a4fc16c581c1925ba94fe42') in 0.013811 seconds 
  Import took 0.018353 seconds .

========================================================================
Received Import Request.
  Time since last request: 135.856200 seconds.
  path: Assets/Asset Unlock - 3D Prototyping/Prototyping Assets/Animation
  artifactKey: Guid(ecceb9d870cc37d4191742bbdf6595bc) Importer(815301076,1909f56bfc062723c751e8b465ee728b)
Start importing Assets/Asset Unlock - 3D Prototyping/Prototyping Assets/Animation using Guid(ecceb9d870cc37d4191742bbdf6595bc) Importer(815301076,1909f56bfc062723c751e8b465ee728b)  -> (artifact id: 'f3a22a8be2723d1590be9703b6fe639e') in 0.010901 seconds 
  Import took 0.015586 seconds .

========================================================================
Received Import Request.
  Time since last request: 7.890022 seconds.
  path: Assets/Asset Unlock - 3D Prototyping/Prototyping Assets/Textures/Particles/Rings.png
  artifactKey: Guid(38158579d488b8b419bec8a74b8ac587) Importer(815301076,1909f56bfc062723c751e8b465ee728b)
Start importing Assets/Asset Unlock - 3D Prototyping/Prototyping Assets/Textures/Particles/Rings.png using Guid(38158579d488b8b419bec8a74b8ac587) Importer(815301076,1909f56bfc062723c751e8b465ee728b)  -> (artifact id: 'abeae99f37ff30fccb27966ce7d13f95') in 0.092881 seconds 
  Import took 0.097545 seconds .

========================================================================
Received Import Request.
  Time since last request: 3.370751 seconds.
  path: Assets/Scenes/SampleScene.unity
  artifactKey: Guid(9fc0d4010bbf28b4594072e72b8655ab) Importer(815301076,1909f56bfc062723c751e8b465ee728b)
Start importing Assets/Scenes/SampleScene.unity using Guid(9fc0d4010bbf28b4594072e72b8655ab) Importer(815301076,1909f56bfc062723c751e8b465ee728b)  -> (artifact id: '0f564587ad574db15024e4df73677df7') in 0.011253 seconds 
  Import took 0.015894 seconds .

========================================================================
Received Import Request.
  Time since last request: 36.455736 seconds.
  path: Assets/Asset Unlock - 3D Prototyping/Prototyping Assets/Animation/Animators
  artifactKey: Guid(49943472a70c58a439251072104a0cfd) Importer(815301076,1909f56bfc062723c751e8b465ee728b)
Start importing Assets/Asset Unlock - 3D Prototyping/Prototyping Assets/Animation/Animators using Guid(49943472a70c58a439251072104a0cfd) Importer(815301076,1909f56bfc062723c751e8b465ee728b)  -> (artifact id: '4aa260475c0811c8d118dfb09576eb69') in 0.009196 seconds 
  Import took 0.013906 seconds .

========================================================================
Received Import Request.
  Time since last request: 1.268031 seconds.
  path: Assets/Asset Unlock - 3D Prototyping/Prototyping Assets/Animation/Animators/Environment
  artifactKey: Guid(672c7b555b0298f43925730939052e81) Importer(815301076,1909f56bfc062723c751e8b465ee728b)
Start importing Assets/Asset Unlock - 3D Prototyping/Prototyping Assets/Animation/Animators/Environment using Guid(672c7b555b0298f43925730939052e81) Importer(815301076,1909f56bfc062723c751e8b465ee728b)  -> (artifact id: 'b4a6ea21775dcd6fab3c63d390487a35') in 0.009609 seconds 
  Import took 0.014444 seconds .

========================================================================
Received Import Request.
  Time since last request: 2.572008 seconds.
  path: Assets/Asset Unlock - 3D Prototyping/Prototyping Assets/Animation/Clips
  artifactKey: Guid(b41c2c9698c79594d8bae6318ffcf092) Importer(815301076,1909f56bfc062723c751e8b465ee728b)
Start importing Assets/Asset Unlock - 3D Prototyping/Prototyping Assets/Animation/Clips using Guid(b41c2c9698c79594d8bae6318ffcf092) Importer(815301076,1909f56bfc062723c751e8b465ee728b)  -> (artifact id: '4a36f7473c539e605ab04b4c130d5184') in 0.007681 seconds 
  Import took 0.012397 seconds .

========================================================================
Received Import Request.
  Time since last request: 0.786329 seconds.
  path: Assets/Asset Unlock - 3D Prototyping/Prototyping Assets/Animation/Clips/Environment
  artifactKey: Guid(5c3d8863752095449aaf89a9a817cb5a) Importer(815301076,1909f56bfc062723c751e8b465ee728b)
Start importing Assets/Asset Unlock - 3D Prototyping/Prototyping Assets/Animation/Clips/Environment using Guid(5c3d8863752095449aaf89a9a817cb5a) Importer(815301076,1909f56bfc062723c751e8b465ee728b)  -> (artifact id: 'f49c1b4bbc8565a94226ebea70613bf8') in 0.003797 seconds 
  Import took 0.008436 seconds .

========================================================================
Received Import Request.
  Time since last request: 6.544318 seconds.
  path: Assets/Asset Unlock - 3D Prototyping/Prototyping Assets/Prefabs/Environment
  artifactKey: Guid(ff6a181067ba6aa41b434d1a9a18dc0c) Importer(815301076,1909f56bfc062723c751e8b465ee728b)
Start importing Assets/Asset Unlock - 3D Prototyping/Prototyping Assets/Prefabs/Environment using Guid(ff6a181067ba6aa41b434d1a9a18dc0c) Importer(815301076,1909f56bfc062723c751e8b465ee728b)  -> (artifact id: 'bdb4657c8b8d2228cc5d779eb1f27526') in 0.003365 seconds 
  Import took 0.008326 seconds .

========================================================================
Received Import Request.
  Time since last request: 6.788363 seconds.
  path: Assets/Asset Unlock - 3D Prototyping/Character/Animations
  artifactKey: Guid(fc3ac7ce6c4002048a166aab1b65faf5) Importer(815301076,1909f56bfc062723c751e8b465ee728b)
Start importing Assets/Asset Unlock - 3D Prototyping/Character/Animations using Guid(fc3ac7ce6c4002048a166aab1b65faf5) Importer(815301076,1909f56bfc062723c751e8b465ee728b)  -> (artifact id: 'e0dfceca73ff4cad4ce64cb9ab56962d') in 0.008426 seconds 
  Import took 0.013479 seconds .

========================================================================
Received Import Request.
  Time since last request: 0.181662 seconds.
  path: Assets/Asset Unlock - 3D Prototyping/Character/Animations/Player@Header.fbx
  artifactKey: Guid(bdd7a3a8eb93a8d4da95e93dc477be06) Importer(815301076,1909f56bfc062723c751e8b465ee728b)
Start importing Assets/Asset Unlock - 3D Prototyping/Character/Animations/Player@Header.fbx using Guid(bdd7a3a8eb93a8d4da95e93dc477be06) Importer(815301076,1909f56bfc062723c751e8b465ee728b)  -> (artifact id: '80667035cf3dfa6393ae629a66d5d408') in 0.879636 seconds 
  Import took 0.884834 seconds .

========================================================================
Received Import Request.
  Time since last request: 0.000283 seconds.
  path: Assets/Asset Unlock - 3D Prototyping/Character/Animations/Player@Jump.fbx
  artifactKey: Guid(6392f929f64b987439d2b17c1782d7b7) Importer(815301076,1909f56bfc062723c751e8b465ee728b)
Start importing Assets/Asset Unlock - 3D Prototyping/Character/Animations/Player@Jump.fbx using Guid(6392f929f64b987439d2b17c1782d7b7) Importer(815301076,1909f56bfc062723c751e8b465ee728b)  -> (artifact id: 'ed68b2a1b0c01c2377e45eef439a24b2') in 0.044290 seconds 
  Import took 0.049396 seconds .

========================================================================
Received Import Request.
  Time since last request: 0.000261 seconds.
  path: Assets/Asset Unlock - 3D Prototyping/Character/Animations/Player@Idle.fbx
  artifactKey: Guid(dece7404437a30844b0b814733705635) Importer(815301076,1909f56bfc062723c751e8b465ee728b)
Start importing Assets/Asset Unlock - 3D Prototyping/Character/Animations/Player@Idle.fbx using Guid(dece7404437a30844b0b814733705635) Importer(815301076,1909f56bfc062723c751e8b465ee728b)  -> (artifact id: '96c6f3fd5c8e359bd936995e2c6c0f08') in 0.042249 seconds 
  Import took 0.047576 seconds .

========================================================================
Received Import Request.
  Time since last request: 0.000214 seconds.
  path: Assets/Asset Unlock - 3D Prototyping/Character/Animations/Player@Run.fbx
  artifactKey: Guid(e34fa8afc9a55ed4bacccda1cd9aa7b4) Importer(815301076,1909f56bfc062723c751e8b465ee728b)
Start importing Assets/Asset Unlock - 3D Prototyping/Character/Animations/Player@Run.fbx using Guid(e34fa8afc9a55ed4bacccda1cd9aa7b4) Importer(815301076,1909f56bfc062723c751e8b465ee728b)  -> (artifact id: 'e4737039a3ec81cb733f1caa41a45ebf') in 0.041979 seconds 
  Import took 0.046951 seconds .

========================================================================
Received Import Request.
  Time since last request: 0.000259 seconds.
  path: Assets/Asset Unlock - 3D Prototyping/Character/Animations/Player@Run_BckWrd.fbx
  artifactKey: Guid(f5d5fb87657e160439520b9506935117) Importer(815301076,1909f56bfc062723c751e8b465ee728b)
Start importing Assets/Asset Unlock - 3D Prototyping/Character/Animations/Player@Run_BckWrd.fbx using Guid(f5d5fb87657e160439520b9506935117) Importer(815301076,1909f56bfc062723c751e8b465ee728b)  -> (artifact id: 'b5e787c926f8fb0cedd4b3aaa07a47f7') in 0.037013 seconds 
  Import took 0.042753 seconds .

========================================================================
Received Import Request.
  Time since last request: 0.494783 seconds.
  path: Assets/Asset Unlock - 3D Prototyping/Character/Animations/Player@Run_Left.fbx
  artifactKey: Guid(82d61625b242c0648b53f530255fdf2c) Importer(815301076,1909f56bfc062723c751e8b465ee728b)
Start importing Assets/Asset Unlock - 3D Prototyping/Character/Animations/Player@Run_Left.fbx using Guid(82d61625b242c0648b53f530255fdf2c) Importer(815301076,1909f56bfc062723c751e8b465ee728b)  -> (artifact id: '73ad0992b48f76476791070327c5b7fb') in 0.035146 seconds 
  Import took 0.040539 seconds .

========================================================================
Received Import Request.
  Time since last request: 0.035359 seconds.
  path: Assets/Asset Unlock - 3D Prototyping/Character/Animations/Player@Run_Right.fbx
  artifactKey: Guid(4ef226e844d868d459dcccd09e0d00a8) Importer(815301076,1909f56bfc062723c751e8b465ee728b)
Start importing Assets/Asset Unlock - 3D Prototyping/Character/Animations/Player@Run_Right.fbx using Guid(4ef226e844d868d459dcccd09e0d00a8) Importer(815301076,1909f56bfc062723c751e8b465ee728b)  -> (artifact id: 'e2575c5a41b7c6b4d35077e01d818e62') in 0.038175 seconds 
  Import took 0.043102 seconds .

========================================================================
Received Import Request.
  Time since last request: 6.521784 seconds.
  path: Assets/Asset Unlock - 3D Prototyping/Character/Materials/Home.mat
  artifactKey: Guid(4ca940cff019c41fb900ba772d2028fd) Importer(815301076,1909f56bfc062723c751e8b465ee728b)
Start importing Assets/Asset Unlock - 3D Prototyping/Character/Materials/Home.mat using Guid(4ca940cff019c41fb900ba772d2028fd) Importer(815301076,1909f56bfc062723c751e8b465ee728b)  -> (artifact id: '800530301e1431d89dac4eb302bc4159') in 0.293000 seconds 
  Import took 0.297667 seconds .

========================================================================
Received Import Request.
  Time since last request: 0.363416 seconds.
  path: Assets/Asset Unlock - 3D Prototyping/Character/Models/Player.fbx
  artifactKey: Guid(e789208cc0d30394583b7dff5534029e) Importer(815301076,1909f56bfc062723c751e8b465ee728b)
Start importing Assets/Asset Unlock - 3D Prototyping/Character/Models/Player.fbx using Guid(e789208cc0d30394583b7dff5534029e) Importer(815301076,1909f56bfc062723c751e8b465ee728b)  -> (artifact id: '0c6559c8d71248b6f27e423391219b09') in 0.037551 seconds 
  Import took 0.042521 seconds .

========================================================================
Received Import Request.
  Time since last request: 0.737862 seconds.
  path: Assets/Asset Unlock - 3D Prototyping/Character/Prefabs/Character.prefab
  artifactKey: Guid(34993209cc13e475999759793043db60) Importer(815301076,1909f56bfc062723c751e8b465ee728b)
Start importing Assets/Asset Unlock - 3D Prototyping/Character/Prefabs/Character.prefab using Guid(34993209cc13e475999759793043db60) Importer(815301076,1909f56bfc062723c751e8b465ee728b)  -> (artifact id: '862f65fd9cca93e70d9d0e22db2165fe') in 0.029496 seconds 
  Import took 0.035650 seconds .

========================================================================
Received Import Request.
  Time since last request: 0.000276 seconds.
  path: Assets/Asset Unlock - 3D Prototyping/Character/Prefabs/CharacterRig.prefab
  artifactKey: Guid(bfd644a7bccd7f54fa7fc3378932bf9c) Importer(815301076,1909f56bfc062723c751e8b465ee728b)
Start importing Assets/Asset Unlock - 3D Prototyping/Character/Prefabs/CharacterRig.prefab using Guid(bfd644a7bccd7f54fa7fc3378932bf9c) Importer(815301076,1909f56bfc062723c751e8b465ee728b)  -> (artifact id: '2fef31618300612a3b712daac16296bc') in 0.051583 seconds 
  Import took 0.058126 seconds .

========================================================================
Received Import Request.
  Time since last request: 32.154956 seconds.
  path: Assets/Asset Unlock - 3D Prototyping/Scripts/ThirdPersonController.cs
  artifactKey: Guid(38f754c33d3312e409fddb2725b41b94) Importer(815301076,1909f56bfc062723c751e8b465ee728b)
Start importing Assets/Asset Unlock - 3D Prototyping/Scripts/ThirdPersonController.cs using Guid(38f754c33d3312e409fddb2725b41b94) Importer(815301076,1909f56bfc062723c751e8b465ee728b)  -> (artifact id: '991576f73fb5222d41fa82091d81fc3e') in 0.101157 seconds 
  Import took 0.105941 seconds .

========================================================================
Received Prepare
Registering precompiled user dll's ...
Registered in 0.010327 seconds.
Begin MonoManager ReloadAssembly
Native extension for LinuxStandalone target not found
Native extension for WindowsStandalone target not found
Native extension for WebGL target not found
Refreshing native plugins compatible for Editor in 1.15 ms, found 2 plugins.
Preloading 0 native plugins for Editor in 0.00 ms.
Mono: successfully reloaded assembly
- Completed reload, in  1.732 seconds
Domain Reload Profiling:
	ReloadAssembly (1733ms)
		BeginReloadAssembly (208ms)
			ExecutionOrderSort (0ms)
			DisableScriptedObjects (7ms)
			BackupInstance (0ms)
			ReleaseScriptingObjects (0ms)
			CreateAndSetChildDomain (66ms)
		EndReloadAssembly (1402ms)
			LoadAssemblies (157ms)
			RebuildTransferFunctionScriptingTraits (0ms)
			SetupTypeCache (459ms)
			ReleaseScriptCaches (1ms)
			RebuildScriptCaches (70ms)
			SetupLoadedEditorAssemblies (431ms)
				LogAssemblyErrors (0ms)
				InitializePlatformSupportModulesInManaged (11ms)
				SetLoadedEditorAssemblies (1ms)
				RefreshPlugins (1ms)
				BeforeProcessingInitializeOnLoad (152ms)
				ProcessInitializeOnLoadAttributes (235ms)
				ProcessInitializeOnLoadMethodAttributes (10ms)
				AfterProcessingInitializeOnLoad (19ms)
				EditorAssembliesLoaded (0ms)
			ExecutionOrderSort2 (0ms)
			AwakeInstancesAfterBackupRestoration (23ms)
Platform modules already initialized, skipping
Refreshing native plugins compatible for Editor in 0.68 ms, found 2 plugins.
Preloading 0 native plugins for Editor in 0.00 ms.
Unloading 2832 Unused Serialized files (Serialized files now loaded: 0)
System memory in use before: 142.1 MB.
System memory in use after: 142.3 MB.

Unloading 16 unused Assets to reduce memory usage. Loaded Objects now: 3463.
Total: 5.038300 ms (FindLiveObjects: 0.833400 ms CreateObjectMapping: 0.248000 ms MarkObjects: 3.925300 ms  DeleteObjects: 0.029600 ms)

AssetImportParameters requested are different than current active one (requested -> active):
  custom:framework-win-MediaFoundation: 216162199b28c13a410421893ffa2e32 -> 
  custom:video-decoder-ogg-theora: a1e56fd34408186e4bbccfd4996cb3dc -> 
  custom:container-muxer-webm: aa71ff27fc2769a1b78a27578f13a17b -> 
  custom:container-demuxer-webm: 4f35f7cbe854078d1ac9338744f61a02 -> 
  custom:container-demuxer-ogg: 62fdf1f143b41e24485cea50d1cbac27 -> 
  custom:video-encoder-webm-vp8: eb34c28f22e8b96e1ab97ce403110664 -> 
  custom:video-codec-MediaFoundation-h265: e54d7ab0439102e2317fc1e4b246158d -> 
  custom:video-decoder-webm-vp8: 9c59270c3fd7afecdb556c50c9e8de78 -> 
  custom:audio-decoder-ogg-vorbis: bf7c407c2cedff20999df2af8eb42d56 -> 
  custom:audio-encoder-webm-vorbis: bf7c407c2cedff20999df2af8eb42d56 -> 
========================================================================
Received Prepare
Registering precompiled user dll's ...
Registered in 0.010735 seconds.
Begin MonoManager ReloadAssembly
Native extension for LinuxStandalone target not found
Native extension for WindowsStandalone target not found
Native extension for WebGL target not found
Refreshing native plugins compatible for Editor in 0.62 ms, found 2 plugins.
Preloading 0 native plugins for Editor in 0.00 ms.
Mono: successfully reloaded assembly
- Completed reload, in  1.337 seconds
Domain Reload Profiling:
	ReloadAssembly (1338ms)
		BeginReloadAssembly (162ms)
			ExecutionOrderSort (0ms)
			DisableScriptedObjects (5ms)
			BackupInstance (0ms)
			ReleaseScriptingObjects (0ms)
			CreateAndSetChildDomain (40ms)
		EndReloadAssembly (1084ms)
			LoadAssemblies (138ms)
			RebuildTransferFunctionScriptingTraits (0ms)
			SetupTypeCache (362ms)
			ReleaseScriptCaches (1ms)
			RebuildScriptCaches (47ms)
			SetupLoadedEditorAssemblies (380ms)
				LogAssemblyErrors (0ms)
				InitializePlatformSupportModulesInManaged (8ms)
				SetLoadedEditorAssemblies (0ms)
				RefreshPlugins (1ms)
				BeforeProcessingInitializeOnLoad (121ms)
				ProcessInitializeOnLoadAttributes (220ms)
				ProcessInitializeOnLoadMethodAttributes (9ms)
				AfterProcessingInitializeOnLoad (20ms)
				EditorAssembliesLoaded (0ms)
			ExecutionOrderSort2 (0ms)
			AwakeInstancesAfterBackupRestoration (20ms)
Platform modules already initialized, skipping
Refreshing native plugins compatible for Editor in 0.64 ms, found 2 plugins.
Preloading 0 native plugins for Editor in 0.00 ms.
Unloading 2830 Unused Serialized files (Serialized files now loaded: 0)
System memory in use before: 142.1 MB.
System memory in use after: 142.3 MB.

Unloading 16 unused Assets to reduce memory usage. Loaded Objects now: 3465.
Total: 3.984300 ms (FindLiveObjects: 0.324200 ms CreateObjectMapping: 0.078300 ms MarkObjects: 3.560800 ms  DeleteObjects: 0.020100 ms)

AssetImportParameters requested are different than current active one (requested -> active):
  custom:framework-win-MediaFoundation: 216162199b28c13a410421893ffa2e32 -> 
  custom:video-decoder-ogg-theora: a1e56fd34408186e4bbccfd4996cb3dc -> 
  custom:container-muxer-webm: aa71ff27fc2769a1b78a27578f13a17b -> 
  custom:container-demuxer-webm: 4f35f7cbe854078d1ac9338744f61a02 -> 
  custom:container-demuxer-ogg: 62fdf1f143b41e24485cea50d1cbac27 -> 
  custom:video-encoder-webm-vp8: eb34c28f22e8b96e1ab97ce403110664 -> 
  custom:video-codec-MediaFoundation-h265: e54d7ab0439102e2317fc1e4b246158d -> 
  custom:video-decoder-webm-vp8: 9c59270c3fd7afecdb556c50c9e8de78 -> 
  custom:audio-decoder-ogg-vorbis: bf7c407c2cedff20999df2af8eb42d56 -> 
  custom:audio-encoder-webm-vorbis: bf7c407c2cedff20999df2af8eb42d56 -> 
AssetImportWorkerClient::OnTransportError - code=2 error=End of file
