Using pre-set license
Built from '2020.3/staging' branch; Version is '2020.3.22f1 (e1a7f79fd887) revision 14788599'; Using compiler version '192528614'; Build Type 'Release'
OS: 'Windows 10 Pro; OS build 19042.1348; Version 2009; 64bit' Language: 'it' Physical Memory: 16336 MB
BatchMode: 1, IsHumanControllingUs: 0, StartBugReporterOnCrash: 0, Is64bit: 1, IsPro: 0

COMMAND LINE ARGUMENTS:
I:\2020.3.22f1\Editor\Unity.exe
-adb2
-batchMode
-noUpm
-name
AssetImportWorker0
-projectPath
I:/GitHubRepo/Programming-Theory-Repo/My project
-logFile
Logs/AssetImportWorker0.log
-srvPort
52323
Successfully changed project path to: I:/GitHubRepo/Programming-Theory-Repo/My project
I:/GitHubRepo/Programming-Theory-Repo/My project
Using Asset Import Pipeline V2.
Refreshing native plugins compatible for Editor in 69.35 ms, found 2 plugins.
Preloading 0 native plugins for Editor in 0.00 ms.
Initialize engine version: 2020.3.22f1 (e1a7f79fd887)
[Subsystems] Discovering subsystems at path I:/2020.3.22f1/Editor/Data/Resources/UnitySubsystems
[Subsystems] Discovering subsystems at path I:/GitHubRepo/Programming-Theory-Repo/My project/Assets
GfxDevice: creating device client; threaded=0
Direct3D:
    Version:  Direct3D 11.0 [level 11.1]
    Renderer: Radeon RX 580 Series (ID=0x67df)
    Vendor:   
    VRAM:     8171 MB
    Driver:   30.0.14011.3017
Shader 'Universal Render Pipeline/Particles/Lit': fallback shader 'Universal Render Pipeline/Particles/SimpleLit' not found
Initialize mono
Mono path[0] = 'I:/2020.3.22f1/Editor/Data/Managed'
Mono path[1] = 'I:/2020.3.22f1/Editor/Data/MonoBleedingEdge/lib/mono/unityjit'
Mono config path = 'I:/2020.3.22f1/Editor/Data/MonoBleedingEdge/etc'
Using monoOptions --debugger-agent=transport=dt_socket,embedding=1,server=y,suspend=n,address=127.0.0.1:56760
Begin MonoManager ReloadAssembly
Registering precompiled unity dll's ...
Register platform support module: I:/2020.3.22f1/Editor/Data/PlaybackEngines/WebGLSupport/UnityEditor.WebGL.Extensions.dll
Register platform support module: I:/2020.3.22f1/Editor/Data/PlaybackEngines/WindowsStandaloneSupport/UnityEditor.WindowsStandalone.Extensions.dll
Register platform support module: I:/2020.3.22f1/Editor/Data/PlaybackEngines/LinuxStandaloneSupport/UnityEditor.LinuxStandalone.Extensions.dll
Registered in 0.007995 seconds.
Native extension for LinuxStandalone target not found
Native extension for WindowsStandalone target not found
Native extension for WebGL target not found
Refreshing native plugins compatible for Editor in 63.22 ms, found 2 plugins.
Preloading 0 native plugins for Editor in 0.00 ms.
Mono: successfully reloaded assembly
- Completed reload, in  3.496 seconds
Domain Reload Profiling:
	ReloadAssembly (3496ms)
		BeginReloadAssembly (90ms)
			ExecutionOrderSort (0ms)
			DisableScriptedObjects (0ms)
			BackupInstance (0ms)
			ReleaseScriptingObjects (0ms)
			CreateAndSetChildDomain (1ms)
		EndReloadAssembly (545ms)
			LoadAssemblies (85ms)
			RebuildTransferFunctionScriptingTraits (0ms)
			SetupTypeCache (177ms)
			ReleaseScriptCaches (0ms)
			RebuildScriptCaches (31ms)
			SetupLoadedEditorAssemblies (209ms)
				LogAssemblyErrors (0ms)
				InitializePlatformSupportModulesInManaged (8ms)
				SetLoadedEditorAssemblies (0ms)
				RefreshPlugins (63ms)
				BeforeProcessingInitializeOnLoad (19ms)
				ProcessInitializeOnLoadAttributes (87ms)
				ProcessInitializeOnLoadMethodAttributes (30ms)
				AfterProcessingInitializeOnLoad (0ms)
				EditorAssembliesLoaded (0ms)
			ExecutionOrderSort2 (0ms)
			AwakeInstancesAfterBackupRestoration (0ms)
Platform modules already initialized, skipping
Registering precompiled user dll's ...
Registered in 0.011536 seconds.
Begin MonoManager ReloadAssembly
Native extension for LinuxStandalone target not found
Native extension for WindowsStandalone target not found
Native extension for WebGL target not found
Refreshing native plugins compatible for Editor in 60.17 ms, found 2 plugins.
Preloading 0 native plugins for Editor in 0.00 ms.
Mono: successfully reloaded assembly
- Completed reload, in  1.495 seconds
Domain Reload Profiling:
	ReloadAssembly (1496ms)
		BeginReloadAssembly (190ms)
			ExecutionOrderSort (0ms)
			DisableScriptedObjects (5ms)
			BackupInstance (0ms)
			ReleaseScriptingObjects (0ms)
			CreateAndSetChildDomain (21ms)
		EndReloadAssembly (1207ms)
			LoadAssemblies (138ms)
			RebuildTransferFunctionScriptingTraits (0ms)
			SetupTypeCache (387ms)
			ReleaseScriptCaches (1ms)
			RebuildScriptCaches (58ms)
			SetupLoadedEditorAssemblies (481ms)
				LogAssemblyErrors (0ms)
				InitializePlatformSupportModulesInManaged (8ms)
				SetLoadedEditorAssemblies (0ms)
				RefreshPlugins (60ms)
				BeforeProcessingInitializeOnLoad (122ms)
				ProcessInitializeOnLoadAttributes (256ms)
				ProcessInitializeOnLoadMethodAttributes (15ms)
				AfterProcessingInitializeOnLoad (20ms)
				EditorAssembliesLoaded (0ms)
			ExecutionOrderSort2 (0ms)
			AwakeInstancesAfterBackupRestoration (7ms)
Platform modules already initialized, skipping
========================================================================
Worker process is ready to serve import requests
Shader 'Universal Render Pipeline/Particles/Lit': fallback shader 'Universal Render Pipeline/Particles/SimpleLit' not found
Launched and connected shader compiler UnityShaderCompiler.exe after 0.12 seconds
Refreshing native plugins compatible for Editor in 0.65 ms, found 2 plugins.
Preloading 0 native plugins for Editor in 0.00 ms.
Unloading 2741 Unused Serialized files (Serialized files now loaded: 0)
System memory in use before: 114.0 MB.
System memory in use after: 114.2 MB.

Unloading 20 unused Assets to reduce memory usage. Loaded Objects now: 3173.
Total: 4.347100 ms (FindLiveObjects: 0.491000 ms CreateObjectMapping: 0.083100 ms MarkObjects: 3.674700 ms  DeleteObjects: 0.095800 ms)

AssetImportParameters requested are different than current active one (requested -> active):
  custom:framework-win-MediaFoundation: 216162199b28c13a410421893ffa2e32 -> 
  custom:video-decoder-ogg-theora: a1e56fd34408186e4bbccfd4996cb3dc -> 
  custom:container-muxer-webm: aa71ff27fc2769a1b78a27578f13a17b -> 
  custom:container-demuxer-webm: 4f35f7cbe854078d1ac9338744f61a02 -> 
  custom:container-demuxer-ogg: 62fdf1f143b41e24485cea50d1cbac27 -> 
  custom:srp/default-shader: 00a0da0d000000000000000000000000 -> 0000e00a000e0de00000e000e0000000
  custom:video-encoder-webm-vp8: eb34c28f22e8b96e1ab97ce403110664 -> 
  custom:video-codec-MediaFoundation-h265: e54d7ab0439102e2317fc1e4b246158d -> 
  custom:video-decoder-webm-vp8: 9c59270c3fd7afecdb556c50c9e8de78 -> 
  custom:audio-decoder-ogg-vorbis: bf7c407c2cedff20999df2af8eb42d56 -> 
  custom:audio-encoder-webm-vorbis: bf7c407c2cedff20999df2af8eb42d56 -> 
========================================================================
Received Import Request.
  path: Assets/Asset Unlock - 3D Prototyping/Prototyping Assets/Textures/Environment/Maze_Brick_Occlusion.tif
  artifactKey: Guid(884c22ee8b623ab4c83419bdea1bbcd7) Importer(815301076,1909f56bfc062723c751e8b465ee728b)
Start importing Assets/Asset Unlock - 3D Prototyping/Prototyping Assets/Textures/Environment/Maze_Brick_Occlusion.tif using Guid(884c22ee8b623ab4c83419bdea1bbcd7) Importer(815301076,1909f56bfc062723c751e8b465ee728b)  -> (artifact id: '6eea3fa9e05fbe923c6b6d40dee7a633') in 0.106934 seconds 
  Import took 0.111355 seconds .

========================================================================
Received Import Request.
  Time since last request: 0.000240 seconds.
  path: Assets/Asset Unlock - 3D Prototyping/Prototyping Assets/Textures/Environment/Maze_FloorTile_Occlusion.tif
  artifactKey: Guid(10f0584cc61dbf04ea12545518ba5933) Importer(815301076,1909f56bfc062723c751e8b465ee728b)
Start importing Assets/Asset Unlock - 3D Prototyping/Prototyping Assets/Textures/Environment/Maze_FloorTile_Occlusion.tif using Guid(10f0584cc61dbf04ea12545518ba5933) Importer(815301076,1909f56bfc062723c751e8b465ee728b)  -> (artifact id: '08555867fa9ff2a2f109cd5a06b3941d') in 0.018193 seconds 
  Import took 0.022951 seconds .

========================================================================
Received Import Request.
  Time since last request: 0.000322 seconds.
  path: Assets/Asset Unlock - 3D Prototyping/Prototyping Assets
  artifactKey: Guid(ecfd2644b7284d545af1644798b6e622) Importer(815301076,1909f56bfc062723c751e8b465ee728b)
Start importing Assets/Asset Unlock - 3D Prototyping/Prototyping Assets using Guid(ecfd2644b7284d545af1644798b6e622) Importer(815301076,1909f56bfc062723c751e8b465ee728b)  -> (artifact id: '29a3318187682f32799a2508d74dc9ae') in 0.009572 seconds 
  Import took 0.014409 seconds .

========================================================================
Received Import Request.
  Time since last request: 0.000358 seconds.
  path: Assets/Asset Unlock - 3D Prototyping/Prototyping Assets/Textures
  artifactKey: Guid(5e46ec11caf78f5458749a832150cf7d) Importer(815301076,1909f56bfc062723c751e8b465ee728b)
Start importing Assets/Asset Unlock - 3D Prototyping/Prototyping Assets/Textures using Guid(5e46ec11caf78f5458749a832150cf7d) Importer(815301076,1909f56bfc062723c751e8b465ee728b)  -> (artifact id: '3e2b411ab8a20e1b1041b072ffae0a47') in 0.007911 seconds 
  Import took 0.012376 seconds .

========================================================================
Received Import Request.
  Time since last request: 0.000227 seconds.
  path: Assets/Asset Unlock - 3D Prototyping/Prototyping Assets/Textures/Environment/SharedNoise_Normal.tif
  artifactKey: Guid(e488959e688478545bd5b3732eaa2379) Importer(815301076,1909f56bfc062723c751e8b465ee728b)
Start importing Assets/Asset Unlock - 3D Prototyping/Prototyping Assets/Textures/Environment/SharedNoise_Normal.tif using Guid(e488959e688478545bd5b3732eaa2379) Importer(815301076,1909f56bfc062723c751e8b465ee728b)  -> (artifact id: '9aef4b3deff0ea4ad43e509dd0db1903') in 0.041484 seconds 
  Import took 0.046282 seconds .

========================================================================
Received Import Request.
  Time since last request: 0.000229 seconds.
  path: Assets/Asset Unlock - 3D Prototyping/Prototyping Assets/Textures/Environment/Maze_FloorTile_Normal.tif
  artifactKey: Guid(0c76423f9c5973142a06d53edd61b546) Importer(815301076,1909f56bfc062723c751e8b465ee728b)
Start importing Assets/Asset Unlock - 3D Prototyping/Prototyping Assets/Textures/Environment/Maze_FloorTile_Normal.tif using Guid(0c76423f9c5973142a06d53edd61b546) Importer(815301076,1909f56bfc062723c751e8b465ee728b)  -> (artifact id: 'b3037feb701bb2e8eea0de96cef98ca9') in 0.017674 seconds 
  Import took 0.022512 seconds .

========================================================================
Received Import Request.
  Time since last request: 0.000255 seconds.
  path: Assets/Asset Unlock - 3D Prototyping/Prototyping Assets/Textures/Environment/Maze_Brick_Normal.tif
  artifactKey: Guid(93771653959354544a6bc972ca425d3b) Importer(815301076,1909f56bfc062723c751e8b465ee728b)
Start importing Assets/Asset Unlock - 3D Prototyping/Prototyping Assets/Textures/Environment/Maze_Brick_Normal.tif using Guid(93771653959354544a6bc972ca425d3b) Importer(815301076,1909f56bfc062723c751e8b465ee728b)  -> (artifact id: 'e1b79c5824d1289b3496404a69145344') in 0.014805 seconds 
  Import took 0.019422 seconds .

========================================================================
Received Import Request.
  Time since last request: 0.000224 seconds.
  path: Assets/Asset Unlock - 3D Prototyping
  artifactKey: Guid(a9e2c14763dc7ce4e997533de5e40105) Importer(815301076,1909f56bfc062723c751e8b465ee728b)
Start importing Assets/Asset Unlock - 3D Prototyping using Guid(a9e2c14763dc7ce4e997533de5e40105) Importer(815301076,1909f56bfc062723c751e8b465ee728b)  -> (artifact id: 'e88f6d3fab023f51a409ee2893b856c4') in 0.008617 seconds 
  Import took 0.013082 seconds .

========================================================================
Received Import Request.
  Time since last request: 0.000271 seconds.
  path: Assets/Asset Unlock - 3D Prototyping/Prototyping Assets/Textures/Environment
  artifactKey: Guid(df7a77c86eea54d43836a4143a3272e9) Importer(815301076,1909f56bfc062723c751e8b465ee728b)
Start importing Assets/Asset Unlock - 3D Prototyping/Prototyping Assets/Textures/Environment using Guid(df7a77c86eea54d43836a4143a3272e9) Importer(815301076,1909f56bfc062723c751e8b465ee728b)  -> (artifact id: '0336ce7aaca398a1f3015845dab2bda4') in 0.008559 seconds 
  Import took 0.013309 seconds .

========================================================================
Received Import Request.
  Time since last request: 14.758958 seconds.
  path: Assets/Asset Unlock - 3D Prototyping/Prototyping Assets/Textures/Environment/Materials
  artifactKey: Guid(2af482f32d01f1a40abe95d63c2067c0) Importer(815301076,1909f56bfc062723c751e8b465ee728b)
Start importing Assets/Asset Unlock - 3D Prototyping/Prototyping Assets/Textures/Environment/Materials using Guid(2af482f32d01f1a40abe95d63c2067c0) Importer(815301076,1909f56bfc062723c751e8b465ee728b)  -> (artifact id: '6e658d2ac0286e6baab5c40282f3d101') in 0.008267 seconds 
  Import took 0.012536 seconds .

========================================================================
Received Import Request.
  Time since last request: 0.070904 seconds.
  path: Assets/Asset Unlock - 3D Prototyping/Prototyping Assets/Textures/Environment/Materials/Maze_Brick_Occlusion.mat
  artifactKey: Guid(718212e881e3e9046a303906f90f91bf) Importer(815301076,1909f56bfc062723c751e8b465ee728b)
Start importing Assets/Asset Unlock - 3D Prototyping/Prototyping Assets/Textures/Environment/Materials/Maze_Brick_Occlusion.mat using Guid(718212e881e3e9046a303906f90f91bf) Importer(815301076,1909f56bfc062723c751e8b465ee728b)  -> (artifact id: 'd3dcd544fd2943b709d1b9885b604771') in 0.690841 seconds 
  Import took 0.696291 seconds .

========================================================================
Received Import Request.
  Time since last request: 62.526417 seconds.
  path: Assets/Asset Unlock - 3D Prototyping/Scenes/SampleScene
  artifactKey: Guid(84bfa07a8fd0d5c4da7c86deeb244473) Importer(815301076,1909f56bfc062723c751e8b465ee728b)
Start importing Assets/Asset Unlock - 3D Prototyping/Scenes/SampleScene using Guid(84bfa07a8fd0d5c4da7c86deeb244473) Importer(815301076,1909f56bfc062723c751e8b465ee728b)  -> (artifact id: '1289f85a652ea5d60d199eb014d9ca1a') in 0.007387 seconds 
  Import took 0.012073 seconds .

========================================================================
Received Import Request.
  Time since last request: 0.040199 seconds.
  path: Assets/Asset Unlock - 3D Prototyping/Scenes/SampleScene/LightingData.asset
  artifactKey: Guid(8b2c883e4fc9a3e47a2aba443c4c10fe) Importer(815301076,1909f56bfc062723c751e8b465ee728b)
Start importing Assets/Asset Unlock - 3D Prototyping/Scenes/SampleScene/LightingData.asset using Guid(8b2c883e4fc9a3e47a2aba443c4c10fe) Importer(815301076,1909f56bfc062723c751e8b465ee728b)  -> (artifact id: 'a149acef09e996552eb31fa0611a8205') in 0.012514 seconds 
  Import took 0.016835 seconds .

========================================================================
Received Import Request.
  Time since last request: 0.001789 seconds.
  path: Assets/Asset Unlock - 3D Prototyping/Scenes/SampleScene/Lightmap-0_comp_dir.png
  artifactKey: Guid(a17d8020fbd722e48bc4ac2dded7a1d1) Importer(815301076,1909f56bfc062723c751e8b465ee728b)
Start importing Assets/Asset Unlock - 3D Prototyping/Scenes/SampleScene/Lightmap-0_comp_dir.png using Guid(a17d8020fbd722e48bc4ac2dded7a1d1) Importer(815301076,1909f56bfc062723c751e8b465ee728b)  -> (artifact id: 'f7d5cef540d4ef358e7c4c173f5ee74e') in 0.086487 seconds 
  Import took 0.091101 seconds .

========================================================================
Received Import Request.
  Time since last request: 0.000272 seconds.
  path: Assets/Asset Unlock - 3D Prototyping/Scenes/SampleScene/Lightmap-0_comp_light.exr
  artifactKey: Guid(36fed42f958c8c046b0758726c272edf) Importer(815301076,1909f56bfc062723c751e8b465ee728b)
Start importing Assets/Asset Unlock - 3D Prototyping/Scenes/SampleScene/Lightmap-0_comp_light.exr using Guid(36fed42f958c8c046b0758726c272edf) Importer(815301076,1909f56bfc062723c751e8b465ee728b)  -> (artifact id: '72ea95aae9df2c45f562828ea5daf48a') in 0.033550 seconds 
  Import took 0.038266 seconds .

========================================================================
Received Import Request.
  Time since last request: 0.000207 seconds.
  path: Assets/Asset Unlock - 3D Prototyping/Scenes/SampleScene/Lightmap-1_comp_light.exr
  artifactKey: Guid(1a314f597442f534ba5960f94b3466a0) Importer(815301076,1909f56bfc062723c751e8b465ee728b)
Start importing Assets/Asset Unlock - 3D Prototyping/Scenes/SampleScene/Lightmap-1_comp_light.exr using Guid(1a314f597442f534ba5960f94b3466a0) Importer(815301076,1909f56bfc062723c751e8b465ee728b)  -> (artifact id: 'd51ce386ce5f3ac1585a497d5004ff30') in 0.017067 seconds 
  Import took 0.021787 seconds .

========================================================================
Received Import Request.
  Time since last request: 0.000298 seconds.
  path: Assets/Asset Unlock - 3D Prototyping/Scenes/SampleScene/Lightmap-2_comp_dir.png
  artifactKey: Guid(14cc40eeae312a44dbf1e1175fc236c9) Importer(815301076,1909f56bfc062723c751e8b465ee728b)
Start importing Assets/Asset Unlock - 3D Prototyping/Scenes/SampleScene/Lightmap-2_comp_dir.png using Guid(14cc40eeae312a44dbf1e1175fc236c9) Importer(815301076,1909f56bfc062723c751e8b465ee728b)  -> (artifact id: '1ba03aeea1eb1ae4c8677a8df825e0c6') in 0.014775 seconds 
  Import took 0.019761 seconds .

========================================================================
Received Import Request.
  Time since last request: 0.000229 seconds.
  path: Assets/Asset Unlock - 3D Prototyping/Scenes/SampleScene/Lightmap-1_comp_dir.png
  artifactKey: Guid(a7fb58110bbc9ec499ab11a9cc6bbc95) Importer(815301076,1909f56bfc062723c751e8b465ee728b)
Start importing Assets/Asset Unlock - 3D Prototyping/Scenes/SampleScene/Lightmap-1_comp_dir.png using Guid(a7fb58110bbc9ec499ab11a9cc6bbc95) Importer(815301076,1909f56bfc062723c751e8b465ee728b)  -> (artifact id: '279062bd971f67c89bcd242421f8e45d') in 0.016087 seconds 
  Import took 0.020258 seconds .

========================================================================
Received Import Request.
  Time since last request: 0.000206 seconds.
  path: Assets/Asset Unlock - 3D Prototyping/Scenes/SampleScene/ReflectionProbe-0.exr
  artifactKey: Guid(e7cba5e895f8b694bba4bf52997da50e) Importer(815301076,1909f56bfc062723c751e8b465ee728b)
Start importing Assets/Asset Unlock - 3D Prototyping/Scenes/SampleScene/ReflectionProbe-0.exr using Guid(e7cba5e895f8b694bba4bf52997da50e) Importer(815301076,1909f56bfc062723c751e8b465ee728b)  -> (artifact id: 'f3cfc30b938605290f619b3a6876de5d') in 0.057577 seconds 
  Import took 0.061910 seconds .

========================================================================
Received Import Request.
  Time since last request: 0.000258 seconds.
  path: Assets/Asset Unlock - 3D Prototyping/Scenes/SampleScene/Lightmap-2_comp_light.exr
  artifactKey: Guid(e95609421842f6a49a249ec6d0c480d3) Importer(815301076,1909f56bfc062723c751e8b465ee728b)
Start importing Assets/Asset Unlock - 3D Prototyping/Scenes/SampleScene/Lightmap-2_comp_light.exr using Guid(e95609421842f6a49a249ec6d0c480d3) Importer(815301076,1909f56bfc062723c751e8b465ee728b)  -> (artifact id: '9d7cd62a25476e09fbb496e0b7c94873') in 0.018550 seconds 
  Import took 0.024002 seconds .

========================================================================
Received Import Request.
  Time since last request: 16.987670 seconds.
  path: Assets/Asset Unlock - 3D Prototyping/Scenes
  artifactKey: Guid(92c2428773c028741a012c2ec51b6500) Importer(815301076,1909f56bfc062723c751e8b465ee728b)
Start importing Assets/Asset Unlock - 3D Prototyping/Scenes using Guid(92c2428773c028741a012c2ec51b6500) Importer(815301076,1909f56bfc062723c751e8b465ee728b)  -> (artifact id: '573bb79f02566d94233834994ac0bcce') in 0.022477 seconds 
  Import took 0.026921 seconds .

========================================================================
Received Import Request.
  Time since last request: 5.946054 seconds.
  path: Assets/Asset Unlock - 3D Prototyping/Scenes/New Scene.unity
  artifactKey: Guid(5250a5909fa7ad6409d77649342b3e6d) Importer(815301076,1909f56bfc062723c751e8b465ee728b)
Start importing Assets/Asset Unlock - 3D Prototyping/Scenes/New Scene.unity using Guid(5250a5909fa7ad6409d77649342b3e6d) Importer(815301076,1909f56bfc062723c751e8b465ee728b)  -> (artifact id: 'a90c5523d5aeeb676c0fee89be61ce2a') in 0.009422 seconds 
  Import took 0.013995 seconds .

========================================================================
Received Import Request.
  Time since last request: 13.521548 seconds.
  path: Assets/Asset Unlock - 3D Prototyping/Character
  artifactKey: Guid(3a20802af58fe314788ebb97f8316420) Importer(815301076,1909f56bfc062723c751e8b465ee728b)
Start importing Assets/Asset Unlock - 3D Prototyping/Character using Guid(3a20802af58fe314788ebb97f8316420) Importer(815301076,1909f56bfc062723c751e8b465ee728b)  -> (artifact id: '9f017e6660ac21ff274f26abb5cf9a6c') in 0.007461 seconds 
  Import took 0.011951 seconds .

========================================================================
Received Import Request.
  Time since last request: 1.730710 seconds.
  path: Assets/Asset Unlock - 3D Prototyping/Character/Prefabs
  artifactKey: Guid(9ad0384ab0db5f9419fa8e707063e526) Importer(815301076,1909f56bfc062723c751e8b465ee728b)
Start importing Assets/Asset Unlock - 3D Prototyping/Character/Prefabs using Guid(9ad0384ab0db5f9419fa8e707063e526) Importer(815301076,1909f56bfc062723c751e8b465ee728b)  -> (artifact id: '16cee57260235cd3c3f29de68ecf0917') in 0.007313 seconds 
  Import took 0.012021 seconds .

========================================================================
Received Import Request.
  Time since last request: 0.078985 seconds.
  path: Assets/Asset Unlock - 3D Prototyping/Character/Prefabs/Character.prefab
  artifactKey: Guid(34993209cc13e475999759793043db60) Importer(815301076,1909f56bfc062723c751e8b465ee728b)
Start importing Assets/Asset Unlock - 3D Prototyping/Character/Prefabs/Character.prefab using Guid(34993209cc13e475999759793043db60) Importer(815301076,1909f56bfc062723c751e8b465ee728b)  -> (artifact id: 'f3563613dd673900e7c6013f55502441') in 0.067879 seconds 
  Import took 0.073040 seconds .

========================================================================
Received Import Request.
  Time since last request: 0.000244 seconds.
  path: Assets/Asset Unlock - 3D Prototyping/Character/Prefabs/CharacterRig.prefab
  artifactKey: Guid(bfd644a7bccd7f54fa7fc3378932bf9c) Importer(815301076,1909f56bfc062723c751e8b465ee728b)
Start importing Assets/Asset Unlock - 3D Prototyping/Character/Prefabs/CharacterRig.prefab using Guid(bfd644a7bccd7f54fa7fc3378932bf9c) Importer(815301076,1909f56bfc062723c751e8b465ee728b) Diagnostics callstack to track who triggered the sub-import:
0x00007ff6787b5372 (Unity) ImporterAssetResolver::ResolveAsset
0x00007ff6787809a2 (Unity) ResolveArtifactV2
0x00007ff6787a0350 (Unity) ImportToObjects
0x00007ff67879f758 (Unity) ImportAsset
0x00007ff678701518 (Unity) AssetImportWorker::Import
0x00007ff6787552fa (Unity) <lambda_bc460064e1fa47f4de661f7cf652321c>::operator()
0x00007ff6787f8f22 (Unity) asio::detail::completion_handler<core::mutable_function<void __cdecl(void)> >::do_complete
0x00007ff6787fb080 (Unity) asio::detail::win_iocp_io_service::do_one
0x00007ff6787fe80e (Unity) asio::io_service::run
0x00007ff6787816bb (Unity) RunAssetImportWorkerClientV2
0x00007ff678781710 (Unity) RunAssetImporterV2
0x00007ff677c3c7b6 (Unity) Application::InitializeProject
0x00007ff6785f0702 (Unity) WinMain
0x00007ff67a44f716 (Unity) __scrt_common_main_seh
0x00007ff99da67034 (KERNEL32) BaseThreadInitThunk
0x00007ff99dba2651 (ntdll) RtlUserThreadStart

Requesting import of Guid(bfd644a7bccd7f54fa7fc3378932bf9c) Importer(-1,00000000000000000000000000000000), Assets/Asset Unlock - 3D Prototyping/Character/Prefabs/CharacterRig.prefab from editor
Resuming Guid(bfd644a7bccd7f54fa7fc3378932bf9c) Importer(-1,00000000000000000000000000000000) -> 92a8d13f004a365b5399f748cbc226a8 
Assertion failed on expression: 'state.state == kUpToDate'
Assertion failed on expression: 'state.artifactID == result'
Diagnostics callstack to track who triggered the sub-import:
0x00007ff6787b5372 (Unity) ImporterAssetResolver::ResolveAsset
0x00007ff6787809a2 (Unity) ResolveArtifactV2
0x00007ff678777771 (Unity) ProduceArtifactV2
0x00007ff6786c64fe (Unity) AssetDatabase::ProduceArtifact
0x00007ff6786ab6a8 (Unity) PreviewImporter::GenerateAssetData
0x00007ff6787a0719 (Unity) ImportToObjects
0x00007ff67879f758 (Unity) ImportAsset
0x00007ff678701518 (Unity) AssetImportWorker::Import
0x00007ff6787552fa (Unity) <lambda_bc460064e1fa47f4de661f7cf652321c>::operator()
0x00007ff6787f8f22 (Unity) asio::detail::completion_handler<core::mutable_function<void __cdecl(void)> >::do_complete
0x00007ff6787fb080 (Unity) asio::detail::win_iocp_io_service::do_one
0x00007ff6787fe80e (Unity) asio::io_service::run
0x00007ff6787816bb (Unity) RunAssetImportWorkerClientV2
0x00007ff678781710 (Unity) RunAssetImporterV2
0x00007ff677c3c7b6 (Unity) Application::InitializeProject
0x00007ff6785f0702 (Unity) WinMain
0x00007ff67a44f716 (Unity) __scrt_common_main_seh
0x00007ff99da67034 (KERNEL32) BaseThreadInitThunk
0x00007ff99dba2651 (ntdll) RtlUserThreadStart

Requesting import of Guid(bfd644a7bccd7f54fa7fc3378932bf9c) Importer(-1,00000000000000000000000000000000), Assets/Asset Unlock - 3D Prototyping/Character/Prefabs/CharacterRig.prefab from editor
Resuming Guid(bfd644a7bccd7f54fa7fc3378932bf9c) Importer(-1,00000000000000000000000000000000) -> 92a8d13f004a365b5399f748cbc226a8 
Assertion failed on expression: 'state.state == kUpToDate'
Assertion failed on expression: 'state.artifactID == result'
 -> (artifact id: '3dc120c3f0957afd216cc0576802a71b') in 12.664553 seconds 
  Import took 12.669031 seconds .

========================================================================
Received Import Request.
  Time since last request: 351.663242 seconds.
  path: Packages/com.unity.render-pipelines.universal/Shaders/Lit.shader
  artifactKey: Guid(933532a4fcc9baf4fa0491de14d08ed7) Importer(815301076,1909f56bfc062723c751e8b465ee728b)
Start importing Packages/com.unity.render-pipelines.universal/Shaders/Lit.shader using Guid(933532a4fcc9baf4fa0491de14d08ed7) Importer(815301076,1909f56bfc062723c751e8b465ee728b)  -> (artifact id: '1f7cbd2536d2901cfc1f2939399eb121') in 0.009297 seconds 
  Import took 0.013860 seconds .

========================================================================
Received Import Request.
  Time since last request: 3.655142 seconds.
  path: Packages/com.unity.render-pipelines.universal/Shaders/Unity.RenderPipelines.Universal.Shaders.asmdef
  artifactKey: Guid(b4517ec124862cb4bb3b8b27d72843a6) Importer(815301076,1909f56bfc062723c751e8b465ee728b)
Start importing Packages/com.unity.render-pipelines.universal/Shaders/Unity.RenderPipelines.Universal.Shaders.asmdef using Guid(b4517ec124862cb4bb3b8b27d72843a6) Importer(815301076,1909f56bfc062723c751e8b465ee728b)  -> (artifact id: '2b949fc2f0af7da6c725b3c0727d9616') in 0.008430 seconds 
  Import took 0.012658 seconds .

========================================================================
Received Prepare
Registering precompiled user dll's ...
Registered in 0.061507 seconds.
Begin MonoManager ReloadAssembly
The file 'MemoryStream' is corrupted! Remove it and launch unity again!
[Position out of bounds!]
Fatal Error! The file 'MemoryStream' is corrupted! Remove it and launch unity again!
[Position out of bounds!]
Crash!!!
SymInit: Symbol-SearchPath: '.;I:\GitHubRepo\Programming-Theory-Repo\My project;I:\2020.3.22f1\Editor;C:\WINDOWS;C:\WINDOWS\system32;SRV*C:\websymbols*http://msdl.microsoft.com/download/symbols;', symOptions: 534, UserName: 'Revol'
OS-Version: 10.0.0
I:\2020.3.22f1\Editor\Unity.exe:Unity.exe (00007FF675350000), size: 135421952 (result: 0), SymType: 'PDB', PDB: 'I:\2020.3.22f1\Editor\Unity_x64.pdb', fileVersion: 2020.3.22.42999
C:\WINDOWS\SYSTEM32\ntdll.dll:ntdll.dll (00007FF99DB50000), size: 2052096 (result: 0), SymType: '-exported-', PDB: 'C:\WINDOWS\SYSTEM32\ntdll.dll', fileVersion: 10.0.19041.1288
C:\WINDOWS\System32\KERNEL32.DLL:KERNEL32.DLL (00007FF99DA50000), size: 778240 (result: 0), SymType: '-exported-', PDB: 'C:\WINDOWS\System32\KERNEL32.DLL', fileVersion: 10.0.19041.1348
C:\WINDOWS\System32\KERNELBASE.dll:KERNELBASE.dll (00007FF99B650000), size: 2916352 (result: 0), SymType: '-exported-', PDB: 'C:\WINDOWS\System32\KERNELBASE.dll', fileVersion: 10.0.19041.1348
C:\WINDOWS\SYSTEM32\apphelp.dll:apphelp.dll (00007FF998AF0000), size: 589824 (result: 0), SymType: '-exported-', PDB: 'C:\WINDOWS\SYSTEM32\apphelp.dll', fileVersion: 10.0.19041.1320
C:\WINDOWS\System32\CRYPT32.dll:CRYPT32.dll (00007FF99B270000), size: 1400832 (result: 0), SymType: '-exported-', PDB: 'C:\WINDOWS\System32\CRYPT32.dll', fileVersion: 10.0.19041.1320
C:\WINDOWS\System32\ucrtbase.dll:ucrtbase.dll (00007FF99BAA0000), size: 1048576 (result: 0), SymType: '-exported-', PDB: 'C:\WINDOWS\System32\ucrtbase.dll', fileVersion: 10.0.19041.789
C:\WINDOWS\System32\USER32.dll:USER32.dll (00007FF99D090000), size: 1708032 (result: 0), SymType: '-exported-', PDB: 'C:\WINDOWS\System32\USER32.dll', fileVersion: 10.0.19041.1202
C:\WINDOWS\System32\win32u.dll:win32u.dll (00007FF99B5F0000), size: 139264 (result: 0), SymType: '-exported-', PDB: 'C:\WINDOWS\System32\win32u.dll', fileVersion: 10.0.19041.1320
I:\2020.3.22f1\Editor\libfbxsdk.dll:libfbxsdk.dll (00007FF941EE0000), size: 10215424 (result: 0), SymType: '-exported-', PDB: 'I:\2020.3.22f1\Editor\libfbxsdk.dll', fileVersion: 2020.2.0.0
I:\2020.3.22f1\Editor\optix.6.0.0.dll:optix.6.0.0.dll (00007FF998280000), size: 208896 (result: 0), SymType: '-exported-', PDB: 'I:\2020.3.22f1\Editor\optix.6.0.0.dll', fileVersion: 6.0.0.0
C:\WINDOWS\System32\GDI32.dll:GDI32.dll (00007FF99D530000), size: 176128 (result: 0), SymType: '-exported-', PDB: 'C:\WINDOWS\System32\GDI32.dll', fileVersion: 10.0.19041.1202
I:\2020.3.22f1\Editor\OpenImageDenoise.dll:OpenImageDenoise.dll (00007FF913950000), size: 43806720 (result: 0), SymType: '-exported-', PDB: 'I:\2020.3.22f1\Editor\OpenImageDenoise.dll'
C:\WINDOWS\System32\gdi32full.dll:gdi32full.dll (00007FF99B480000), size: 1093632 (result: 0), SymType: '-exported-', PDB: 'C:\WINDOWS\System32\gdi32full.dll', fileVersion: 10.0.19041.1110
C:\WINDOWS\System32\msvcp_win.dll:msvcp_win.dll (00007FF99B970000), size: 643072 (result: 0), SymType: '-exported-', PDB: 'C:\WINDOWS\System32\msvcp_win.dll', fileVersion: 10.0.19041.789
I:\2020.3.22f1\Editor\umbraoptimizer64.dll:umbraoptimizer64.dll (00007FF9601F0000), size: 1306624 (result: 0), SymType: '-exported-', PDB: 'I:\2020.3.22f1\Editor\umbraoptimizer64.dll'
C:\WINDOWS\System32\ADVAPI32.dll:ADVAPI32.dll (00007FF99D410000), size: 704512 (result: 0), SymType: '-exported-', PDB: 'C:\WINDOWS\System32\ADVAPI32.dll', fileVersion: 10.0.19041.1052
C:\WINDOWS\System32\SHELL32.dll:SHELL32.dll (00007FF99C720000), size: 7598080 (result: 0), SymType: '-exported-', PDB: 'C:\WINDOWS\System32\SHELL32.dll', fileVersion: 10.0.19041.1320
C:\WINDOWS\System32\WS2_32.dll:WS2_32.dll (00007FF99D560000), size: 438272 (result: 0), SymType: '-exported-', PDB: 'C:\WINDOWS\System32\WS2_32.dll', fileVersion: 10.0.19041.546
I:\2020.3.22f1\Editor\FreeImage.dll:FreeImage.dll (0000000180000000), size: 6582272 (result: 0), SymType: '-exported-', PDB: 'I:\2020.3.22f1\Editor\FreeImage.dll', fileVersion: 3.18.0.0
C:\WINDOWS\System32\msvcrt.dll:msvcrt.dll (00007FF99D240000), size: 647168 (result: 0), SymType: '-exported-', PDB: 'C:\WINDOWS\System32\msvcrt.dll', fileVersion: 7.0.19041.546
C:\WINDOWS\System32\RPCRT4.dll:RPCRT4.dll (00007FF99BBA0000), size: 1220608 (result: 0), SymType: '-exported-', PDB: 'C:\WINDOWS\System32\RPCRT4.dll', fileVersion: 10.0.19041.1288
C:\WINDOWS\System32\sechost.dll:sechost.dll (00007FF99BF70000), size: 634880 (result: 0), SymType: '-exported-', PDB: 'C:\WINDOWS\System32\sechost.dll', fileVersion: 10.0.19041.906
C:\WINDOWS\System32\SHLWAPI.dll:SHLWAPI.dll (00007FF99BEF0000), size: 348160 (result: 0), SymType: '-exported-', PDB: 'C:\WINDOWS\System32\SHLWAPI.dll', fileVersion: 10.0.19041.1023
C:\WINDOWS\System32\WLDAP32.dll:WLDAP32.dll (00007FF99CF20000), size: 352256 (result: 0), SymType: '-exported-', PDB: 'C:\WINDOWS\System32\WLDAP32.dll', fileVersion: 10.0.19041.546
C:\WINDOWS\System32\ole32.dll:ole32.dll (00007FF99D2E0000), size: 1220608 (result: 0), SymType: '-exported-', PDB: 'C:\WINDOWS\System32\ole32.dll', fileVersion: 10.0.19041.1202
C:\WINDOWS\System32\Normaliz.dll:Normaliz.dll (00007FF99CF10000), size: 32768 (result: 0), SymType: '-exported-', PDB: 'C:\WINDOWS\System32\Normaliz.dll', fileVersion: 10.0.19041.546
C:\WINDOWS\System32\combase.dll:combase.dll (00007FF99C3C0000), size: 3493888 (result: 0), SymType: '-exported-', PDB: 'C:\WINDOWS\System32\combase.dll', fileVersion: 10.0.19041.1348
I:\2020.3.22f1\Editor\ispc_texcomp.dll:ispc_texcomp.dll (00007FF957A40000), size: 1609728 (result: 0), SymType: '-exported-', PDB: 'I:\2020.3.22f1\Editor\ispc_texcomp.dll'
I:\2020.3.22f1\Editor\WinPixEventRuntime.dll:WinPixEventRuntime.dll (00007FF998470000), size: 45056 (result: 0), SymType: '-exported-', PDB: 'I:\2020.3.22f1\Editor\WinPixEventRuntime.dll', fileVersion: 1.0.1812.6001
C:\WINDOWS\System32\IMM32.dll:IMM32.dll (00007FF99BD60000), size: 196608 (result: 0), SymType: '-exported-', PDB: 'C:\WINDOWS\System32\IMM32.dll', fileVersion: 10.0.19041.546
I:\2020.3.22f1\Editor\tbb.dll:tbb.dll (00007FF9671A0000), size: 413696 (result: 0), SymType: '-exported-', PDB: 'I:\2020.3.22f1\Editor\tbb.dll', fileVersion: 2017.0.2016.1004
C:\WINDOWS\System32\SETUPAPI.dll:SETUPAPI.dll (00007FF99D5D0000), size: 4661248 (result: 0), SymType: '-exported-', PDB: 'C:\WINDOWS\System32\SETUPAPI.dll', fileVersion: 10.0.19041.1237
C:\WINDOWS\System32\cfgmgr32.dll:cfgmgr32.dll (00007FF99B920000), size: 319488 (result: 0), SymType: '-exported-', PDB: 'C:\WINDOWS\System32\cfgmgr32.dll', fileVersion: 10.0.19041.1151
C:\WINDOWS\SYSTEM32\VCRUNTIME140.dll:VCRUNTIME140.dll (00007FF96C580000), size: 110592 (result: 0), SymType: '-exported-', PDB: 'C:\WINDOWS\SYSTEM32\VCRUNTIME140.dll', fileVersion: 14.29.30135.0
C:\WINDOWS\System32\bcrypt.dll:bcrypt.dll (00007FF99B620000), size: 159744 (result: 0), SymType: '-exported-', PDB: 'C:\WINDOWS\System32\bcrypt.dll', fileVersion: 10.0.19041.1023
C:\WINDOWS\System32\OLEAUT32.dll:OLEAUT32.dll (00007FF99BE20000), size: 839680 (result: 0), SymType: '-exported-', PDB: 'C:\WINDOWS\System32\OLEAUT32.dll', fileVersion: 10.0.19041.985
C:\WINDOWS\SYSTEM32\OPENGL32.dll:OPENGL32.dll (00007FF971F00000), size: 1200128 (result: 0), SymType: '-exported-', PDB: 'C:\WINDOWS\SYSTEM32\OPENGL32.dll', fileVersion: 10.0.19041.1081
C:\WINDOWS\SYSTEM32\GLU32.dll:GLU32.dll (00007FF975B70000), size: 180224 (result: 0), SymType: '-exported-', PDB: 'C:\WINDOWS\SYSTEM32\GLU32.dll', fileVersion: 10.0.19041.1081
C:\WINDOWS\SYSTEM32\IPHLPAPI.DLL:IPHLPAPI.DLL (00007FF99A640000), size: 241664 (result: 0), SymType: '-exported-', PDB: 'C:\WINDOWS\SYSTEM32\IPHLPAPI.DLL', fileVersion: 10.0.19041.546
C:\WINDOWS\System32\WINTRUST.dll:WINTRUST.dll (00007FF99B590000), size: 393216 (result: 0), SymType: '-exported-', PDB: 'C:\WINDOWS\System32\WINTRUST.dll', fileVersion: 10.0.19041.1266
C:\WINDOWS\SYSTEM32\MSVCP140.dll:MSVCP140.dll (00007FF980240000), size: 577536 (result: 0), SymType: '-exported-', PDB: 'C:\WINDOWS\SYSTEM32\MSVCP140.dll', fileVersion: 14.29.30135.0
C:\WINDOWS\SYSTEM32\MSVCP120.dll:MSVCP120.dll (00007FF98BE30000), size: 679936 (result: 0), SymType: '-exported-', PDB: 'C:\WINDOWS\SYSTEM32\MSVCP120.dll', fileVersion: 12.0.40660.0
C:\WINDOWS\SYSTEM32\MSVCR120.dll:MSVCR120.dll (00007FF98CB80000), size: 978944 (result: 0), SymType: '-exported-', PDB: 'C:\WINDOWS\SYSTEM32\MSVCR120.dll', fileVersion: 12.0.40660.0
C:\WINDOWS\SYSTEM32\WINMM.dll:WINMM.dll (00007FF97B1C0000), size: 159744 (result: 0), SymType: '-exported-', PDB: 'C:\WINDOWS\SYSTEM32\WINMM.dll', fileVersion: 10.0.19041.546
C:\WINDOWS\SYSTEM32\WINHTTP.dll:WINHTTP.dll (00007FF9941F0000), size: 1097728 (result: 0), SymType: '-exported-', PDB: 'C:\WINDOWS\SYSTEM32\WINHTTP.dll', fileVersion: 10.0.19041.1320
C:\WINDOWS\SYSTEM32\HID.DLL:HID.DLL (00007FF999B20000), size: 53248 (result: 0), SymType: '-exported-', PDB: 'C:\WINDOWS\SYSTEM32\HID.DLL', fileVersion: 10.0.19041.546
I:\2020.3.22f1\Editor\RadeonImageFilters.dll:RadeonImageFilters.dll (00007FF957020000), size: 2535424 (result: 0), SymType: '-exported-', PDB: 'I:\2020.3.22f1\Editor\RadeonImageFilters.dll', fileVersion: 1.5.1.0
I:\2020.3.22f1\Editor\SketchUpAPI.dll:SketchUpAPI.dll (00007FF93BD00000), size: 8978432 (result: 0), SymType: '-exported-', PDB: 'I:\2020.3.22f1\Editor\SketchUpAPI.dll', fileVersion: 19.0.753.0
C:\WINDOWS\SYSTEM32\VERSION.dll:VERSION.dll (00007FF991750000), size: 40960 (result: 0), SymType: '-exported-', PDB: 'C:\WINDOWS\SYSTEM32\VERSION.dll', fileVersion: 10.0.19041.546
C:\WINDOWS\SYSTEM32\WSOCK32.dll:WSOCK32.dll (00007FF996E20000), size: 36864 (result: 0), SymType: '-exported-', PDB: 'C:\WINDOWS\SYSTEM32\WSOCK32.dll', fileVersion: 10.0.19041.1
C:\WINDOWS\SYSTEM32\VCRUNTIME140_1.dll:VCRUNTIME140_1.dll (00007FF997130000), size: 49152 (result: 0), SymType: '-exported-', PDB: 'C:\WINDOWS\SYSTEM32\VCRUNTIME140_1.dll', fileVersion: 14.29.30135.0
C:\WINDOWS\SYSTEM32\Secur32.dll:Secur32.dll (00007FF98C0A0000), size: 49152 (result: 0), SymType: '-exported-', PDB: 'C:\WINDOWS\SYSTEM32\Secur32.dll', fileVersion: 10.0.19041.546
I:\2020.3.22f1\Editor\SketchUpCommonPreferences.dll:SketchUpCommonPreferences.dll (00007FF960170000), size: 483328 (result: 0), SymType: '-exported-', PDB: 'I:\2020.3.22f1\Editor\SketchUpCommonPreferences.dll', fileVersion: 19.0.753.20342
C:\WINDOWS\SYSTEM32\SSPICLI.DLL:SSPICLI.DLL (00007FF99B160000), size: 200704 (result: 0), SymType: '-exported-', PDB: 'C:\WINDOWS\SYSTEM32\SSPICLI.DLL', fileVersion: 10.0.19041.1266
I:\2020.3.22f1\Editor\OpenRL.dll:OpenRL.dll (000001B587900000), size: 12779520 (result: 0), SymType: '-exported-', PDB: 'I:\2020.3.22f1\Editor\OpenRL.dll', fileVersion: 1.5.0.2907
C:\WINDOWS\SYSTEM32\MSVCR100.dll:MSVCR100.dll (0000000061FF0000), size: 860160 (result: 0), SymType: '-exported-', PDB: 'C:\WINDOWS\SYSTEM32\MSVCR100.dll', fileVersion: 10.0.40219.325
C:\WINDOWS\SYSTEM32\MSVCP100.dll:MSVCP100.dll (0000000061B50000), size: 622592 (result: 0), SymType: '-exported-', PDB: 'C:\WINDOWS\SYSTEM32\MSVCP100.dll', fileVersion: 10.0.40219.325
I:\2020.3.22f1\Editor\embree.dll:embree.dll (00007FF93AD10000), size: 16711680 (result: 0), SymType: '-exported-', PDB: 'I:\2020.3.22f1\Editor\embree.dll', fileVersion: 2.14.0.0
C:\WINDOWS\SYSTEM32\MSWSOCK.DLL:MSWSOCK.DLL (00007FF99A950000), size: 434176 (result: 0), SymType: '-exported-', PDB: 'C:\WINDOWS\SYSTEM32\MSWSOCK.DLL', fileVersion: 10.0.19041.546
I:\2020.3.22f1\Editor\OpenRL_pthread.dll:OpenRL_pthread.dll (000001B588550000), size: 61440 (result: 0), SymType: '-exported-', PDB: 'I:\2020.3.22f1\Editor\OpenRL_pthread.dll', fileVersion: 2.9.0.0
C:\WINDOWS\SYSTEM32\MSASN1.dll:MSASN1.dll (00007FF99AD80000), size: 73728 (result: 0), SymType: '-exported-', PDB: 'C:\WINDOWS\SYSTEM32\MSASN1.dll', fileVersion: 10.0.19041.546
C:\WINDOWS\SYSTEM32\kernel.appcore.dll:kernel.appcore.dll (00007FF9990B0000), size: 73728 (result: 0), SymType: '-exported-', PDB: 'C:\WINDOWS\SYSTEM32\kernel.appcore.dll', fileVersion: 10.0.19041.546
C:\WINDOWS\System32\bcryptPrimitives.dll:bcryptPrimitives.dll (00007FF99BA10000), size: 536576 (result: 0), SymType: '-exported-', PDB: 'C:\WINDOWS\System32\bcryptPrimitives.dll', fileVersion: 10.0.19041.1348
C:\WINDOWS\system32\uxtheme.dll:uxtheme.dll (00007FF998CD0000), size: 647168 (result: 0), SymType: '-exported-', PDB: 'C:\WINDOWS\system32\uxtheme.dll', fileVersion: 10.0.19041.1266
C:\WINDOWS\System32\shcore.dll:shcore.dll (00007FF99CFE0000), size: 708608 (result: 0), SymType: '-exported-', PDB: 'C:\WINDOWS\System32\shcore.dll', fileVersion: 10.0.19041.1320
C:\WINDOWS\SYSTEM32\windows.storage.dll:windows.storage.dll (00007FF999390000), size: 7929856 (result: 0), SymType: '-exported-', PDB: 'C:\WINDOWS\SYSTEM32\windows.storage.dll', fileVersion: 10.0.19041.1320
C:\WINDOWS\SYSTEM32\Wldp.dll:Wldp.dll (00007FF99ABF0000), size: 188416 (result: 0), SymType: '-exported-', PDB: 'C:\WINDOWS\SYSTEM32\Wldp.dll', fileVersion: 10.0.19041.1320
C:\WINDOWS\SYSTEM32\profapi.dll:profapi.dll (00007FF99B1B0000), size: 126976 (result: 0), SymType: '-nosymbols-', PDB: 'C:\WINDOWS\SYSTEM32\profapi.dll', fileVersion: 10.0.19041.844
C:\WINDOWS\System32\clbcatq.dll:clbcatq.dll (00007FF99CE60000), size: 692224 (result: 0), SymType: '-exported-', PDB: 'C:\WINDOWS\System32\clbcatq.dll', fileVersion: 2001.12.10941.16384
C:\WINDOWS\System32\netprofm.dll:netprofm.dll (00007FF996D10000), size: 253952 (result: 0), SymType: '-exported-', PDB: 'C:\WINDOWS\System32\netprofm.dll', fileVersion: 10.0.19041.906
C:\WINDOWS\System32\npmproxy.dll:npmproxy.dll (00007FF9950C0000), size: 65536 (result: 0), SymType: '-exported-', PDB: 'C:\WINDOWS\System32\npmproxy.dll', fileVersion: 10.0.19041.906
C:\WINDOWS\System32\NSI.dll:NSI.dll (00007FF99D4C0000), size: 32768 (result: 0), SymType: '-exported-', PDB: 'C:\WINDOWS\System32\NSI.dll', fileVersion: 10.0.19041.610
C:\WINDOWS\SYSTEM32\dhcpcsvc6.DLL:dhcpcsvc6.DLL (00007FF995520000), size: 94208 (result: 0), SymType: '-exported-', PDB: 'C:\WINDOWS\SYSTEM32\dhcpcsvc6.DLL', fileVersion: 10.0.19041.546
C:\WINDOWS\SYSTEM32\dhcpcsvc.DLL:dhcpcsvc.DLL (00007FF995480000), size: 118784 (result: 0), SymType: '-exported-', PDB: 'C:\WINDOWS\SYSTEM32\dhcpcsvc.DLL', fileVersion: 10.0.19041.546
C:\WINDOWS\SYSTEM32\DNSAPI.dll:DNSAPI.dll (00007FF99A680000), size: 831488 (result: 0), SymType: '-exported-', PDB: 'C:\WINDOWS\SYSTEM32\DNSAPI.dll', fileVersion: 10.0.19041.1320
C:\WINDOWS\System32\fwpuclnt.dll:fwpuclnt.dll (00007FF993B90000), size: 520192 (result: 0), SymType: '-exported-', PDB: 'C:\WINDOWS\System32\fwpuclnt.dll', fileVersion: 10.0.19041.1348
C:\Windows\System32\rasadhlp.dll:rasadhlp.dll (00007FF994150000), size: 40960 (result: 0), SymType: '-exported-', PDB: 'C:\Windows\System32\rasadhlp.dll', fileVersion: 10.0.19041.546
I:\2020.3.22f1\Editor\Data\Tools\astcenc-avx2.dll:astcenc-avx2.dll (00007FF957D90000), size: 557056 (result: 0), SymType: '-exported-', PDB: 'I:\2020.3.22f1\Editor\Data\Tools\astcenc-avx2.dll'
C:\WINDOWS\SYSTEM32\d3d11.dll:d3d11.dll (00007FF997620000), size: 2506752 (result: 0), SymType: '-exported-', PDB: 'C:\WINDOWS\SYSTEM32\d3d11.dll', fileVersion: 10.0.19041.1202
C:\WINDOWS\SYSTEM32\dxgi.dll:dxgi.dll (00007FF999B60000), size: 999424 (result: 0), SymType: '-exported-', PDB: 'C:\WINDOWS\SYSTEM32\dxgi.dll', fileVersion: 10.0.19041.1266
C:\WINDOWS\System32\DriverStore\FileRepository\u0374383.inf_amd64_12cfd68385ecddd5\B374323\aticfx64.dll:aticfx64.dll (00007FF94F830000), size: 1810432 (result: 0), SymType: '-exported-', PDB: 'C:\WINDOWS\System32\DriverStore\FileRepository\u0374383.inf_amd64_12cfd68385ecddd5\B374323\aticfx64.dll', fileVersion: 30.0.14011.3017
C:\WINDOWS\System32\DriverStore\FileRepository\u0374383.inf_amd64_12cfd68385ecddd5\B374323\atiuxp64.dll:atiuxp64.dll (00007FF95E540000), size: 233472 (result: 0), SymType: '-exported-', PDB: 'C:\WINDOWS\System32\DriverStore\FileRepository\u0374383.inf_amd64_12cfd68385ecddd5\B374323\atiuxp64.dll', fileVersion: 30.0.14011.3017
C:\WINDOWS\System32\DriverStore\FileRepository\u0374383.inf_amd64_12cfd68385ecddd5\B374323\atidxx64.dll:atidxx64.dll (00007FF944580000), size: 32776192 (result: 0), SymType: '-exported-', PDB: 'C:\WINDOWS\System32\DriverStore\FileRepository\u0374383.inf_amd64_12cfd68385ecddd5\B374323\atidxx64.dll', fileVersion: 30.0.14011.3017
C:\WINDOWS\SYSTEM32\amdihk64.dll:amdihk64.dll (00007FF95A7A0000), size: 196608 (result: 0), SymType: '-exported-', PDB: 'C:\WINDOWS\SYSTEM32\amdihk64.dll', fileVersion: 2.0.0.1788
C:\WINDOWS\SYSTEM32\dxcore.dll:dxcore.dll (00007FF9918E0000), size: 241664 (result: 0), SymType: '-exported-', PDB: 'C:\WINDOWS\SYSTEM32\dxcore.dll', fileVersion: 10.0.19041.546
C:\WINDOWS\system32\wbem\wbemprox.dll:wbemprox.dll (00007FF993E50000), size: 69632 (result: 0), SymType: '-exported-', PDB: 'C:\WINDOWS\system32\wbem\wbemprox.dll', fileVersion: 10.0.19041.1320
C:\WINDOWS\SYSTEM32\wbemcomn.dll:wbemcomn.dll (00007FF993D40000), size: 598016 (result: 0), SymType: '-exported-', PDB: 'C:\WINDOWS\SYSTEM32\wbemcomn.dll', fileVersion: 10.0.19041.1081
C:\WINDOWS\system32\wbem\wbemsvc.dll:wbemsvc.dll (00007FF9936A0000), size: 81920 (result: 0), SymType: '-exported-', PDB: 'C:\WINDOWS\system32\wbem\wbemsvc.dll', fileVersion: 10.0.19041.1320
C:\WINDOWS\system32\wbem\fastprox.dll:fastprox.dll (00007FF993070000), size: 1093632 (result: 0), SymType: '-exported-', PDB: 'C:\WINDOWS\system32\wbem\fastprox.dll', fileVersion: 10.0.19041.546
C:\WINDOWS\SYSTEM32\amsi.dll:amsi.dll (00007FF991960000), size: 102400 (result: 0), SymType: '-exported-', PDB: 'C:\WINDOWS\SYSTEM32\amsi.dll', fileVersion: 10.0.19041.746
C:\WINDOWS\SYSTEM32\USERENV.dll:USERENV.dll (00007FF99B130000), size: 188416 (result: 0), SymType: '-exported-', PDB: 'C:\WINDOWS\SYSTEM32\USERENV.dll', fileVersion: 10.0.19041.572
C:\ProgramData\Microsoft\Windows Defender\Platform\4.18.2111.5-0\MpOav.dll:MpOav.dll (00007FF97F8B0000), size: 499712 (result: 0), SymType: '-exported-', PDB: 'C:\ProgramData\Microsoft\Windows Defender\Platform\4.18.2111.5-0\MpOav.dll', fileVersion: 4.18.2111.5
C:\WINDOWS\SYSTEM32\opencl.dll:opencl.dll (00007FF992D90000), size: 147456 (result: 0), SymType: '-exported-', PDB: 'C:\WINDOWS\SYSTEM32\opencl.dll', fileVersion: 2.2.6.0
I:\2020.3.22f1\Editor\radeonrays.dll:radeonrays.dll (00007FF9579B0000), size: 552960 (result: 0), SymType: '-exported-', PDB: 'I:\2020.3.22f1\Editor\radeonrays.dll'
I:\2020.3.22f1\Editor\Data\MonoBleedingEdge\EmbedRuntime\mono-2.0-bdwgc.dll:mono-2.0-bdwgc.dll (00007FF9393D0000), size: 7794688 (result: 0), SymType: 'PDB', PDB: 'I:\2020.3.22f1\Editor\mono-2.0-bdwgc.pdb'
C:\WINDOWS\System32\PSAPI.DLL:PSAPI.DLL (00007FF99BE10000), size: 32768 (result: 0), SymType: '-exported-', PDB: 'C:\WINDOWS\System32\PSAPI.DLL', fileVersion: 10.0.19041.546
C:\ProgramData\Microsoft\VisualStudio\Setup\x64\Microsoft.VisualStudio.Setup.Configuration.Native.dll:Microsoft.VisualStudio.Setup.Configuration.Native.dll (00007FF972BC0000), size: 327680 (result: 0), SymType: '-exported-', PDB: 'C:\ProgramData\Microsoft\VisualStudio\Setup\x64\Microsoft.VisualStudio.Setup.Configuration.Native.dll', fileVersion: 2.11.47.9733
C:\WINDOWS\SYSTEM32\CRYPTSP.dll:CRYPTSP.dll (00007FF99AB40000), size: 98304 (result: 0), SymType: '-exported-', PDB: 'C:\WINDOWS\SYSTEM32\CRYPTSP.dll', fileVersion: 10.0.19041.546
C:\WINDOWS\system32\rsaenh.dll:rsaenh.dll (00007FF99A2D0000), size: 212992 (result: 0), SymType: '-exported-', PDB: 'C:\WINDOWS\system32\rsaenh.dll', fileVersion: 10.0.19041.1052
C:\WINDOWS\SYSTEM32\CRYPTBASE.dll:CRYPTBASE.dll (00007FF99AB60000), size: 49152 (result: 0), SymType: '-exported-', PDB: 'C:\WINDOWS\SYSTEM32\CRYPTBASE.dll', fileVersion: 10.0.19041.546
C:\WINDOWS\SYSTEM32\PROPSYS.dll:PROPSYS.dll (00007FF996840000), size: 1007616 (result: 0), SymType: '-exported-', PDB: 'C:\WINDOWS\SYSTEM32\PROPSYS.dll', fileVersion: 7.0.19041.1023
C:\WINDOWS\WinSxS\amd64_microsoft.windows.common-controls_6595b64144ccf1df_6.0.19041.1110_none_60b5254171f9507e\comctl32.dll:comctl32.dll (00007FF986D90000), size: 2727936 (result: 0), SymType: '-exported-', PDB: 'C:\WINDOWS\WinSxS\amd64_microsoft.windows.common-controls_6595b64144ccf1df_6.0.19041.1110_none_60b5254171f9507e\comctl32.dll', fileVersion: 6.10.19041.1110
C:\WINDOWS\SYSTEM32\WindowsCodecs.dll:WindowsCodecs.dll (00007FF993E70000), size: 1785856 (result: 0), SymType: '-exported-', PDB: 'C:\WINDOWS\SYSTEM32\WindowsCodecs.dll', fileVersion: 10.0.19041.1151
C:\Windows\System32\thumbcache.dll:thumbcache.dll (00007FF978B80000), size: 417792 (result: 0), SymType: '-exported-', PDB: 'C:\Windows\System32\thumbcache.dll', fileVersion: 10.0.19041.1151
C:\WINDOWS\SYSTEM32\policymanager.dll:policymanager.dll (00007FF996790000), size: 655360 (result: 0), SymType: '-exported-', PDB: 'C:\WINDOWS\SYSTEM32\policymanager.dll', fileVersion: 10.0.19041.1320
C:\WINDOWS\SYSTEM32\msvcp110_win.dll:msvcp110_win.dll (00007FF99A360000), size: 565248 (result: 0), SymType: '-exported-', PDB: 'C:\WINDOWS\SYSTEM32\msvcp110_win.dll', fileVersion: 10.0.19041.546
C:\Windows\System32\MrmCoreR.dll:MrmCoreR.dll (00007FF991760000), size: 1003520 (result: 0), SymType: '-exported-', PDB: 'C:\Windows\System32\MrmCoreR.dll', fileVersion: 10.0.19041.1266
C:\Windows\System32\iertutil.dll:iertutil.dll (00007FF98FC00000), size: 2818048 (result: 0), SymType: '-exported-', PDB: 'C:\Windows\System32\iertutil.dll', fileVersion: 11.0.19041.1266
C:\WINDOWS\SYSTEM32\windows.staterepositorycore.dll:windows.staterepositorycore.dll (00007FF98BB20000), size: 69632 (result: 0), SymType: '-exported-', PDB: 'C:\WINDOWS\SYSTEM32\windows.staterepositorycore.dll', fileVersion: 10.0.19041.844
C:\Windows\System32\bcp47mrm.dll:bcp47mrm.dll (00007FF990F80000), size: 184320 (result: 0), SymType: '-exported-', PDB: 'C:\Windows\System32\bcp47mrm.dll', fileVersion: 10.0.19041.1266
C:\Windows\System32\Windows.UI.dll:Windows.UI.dll (00007FF991520000), size: 1314816 (result: 0), SymType: '-exported-', PDB: 'C:\Windows\System32\Windows.UI.dll', fileVersion: 10.0.19041.746
C:\Windows\System32\WindowManagementAPI.dll:WindowManagementAPI.dll (00007FF9945B0000), size: 659456 (result: 0), SymType: '-exported-', PDB: 'C:\Windows\System32\WindowManagementAPI.dll'
C:\Windows\System32\TextInputFramework.dll:TextInputFramework.dll (00007FF991400000), size: 1019904 (result: 0), SymType: '-exported-', PDB: 'C:\Windows\System32\TextInputFramework.dll', fileVersion: 10.0.19041.1320
C:\Windows\System32\InputHost.dll:InputHost.dll (00007FF9912A0000), size: 1384448 (result: 0), SymType: '-exported-', PDB: 'C:\Windows\System32\InputHost.dll', fileVersion: 10.0.19041.906
C:\WINDOWS\SYSTEM32\wintypes.dll:wintypes.dll (00007FF997E50000), size: 1392640 (result: 0), SymType: '-exported-', PDB: 'C:\WINDOWS\SYSTEM32\wintypes.dll', fileVersion: 10.0.19041.1348
C:\WINDOWS\SYSTEM32\twinapi.appcore.dll:twinapi.appcore.dll (00007FF994320000), size: 2101248 (result: 0), SymType: '-exported-', PDB: 'C:\WINDOWS\SYSTEM32\twinapi.appcore.dll', fileVersion: 10.0.19041.964
C:\Windows\System32\CoreMessaging.dll:CoreMessaging.dll (00007FF998880000), size: 991232 (result: 0), SymType: '-exported-', PDB: 'C:\Windows\System32\CoreMessaging.dll', fileVersion: 10.0.19041.746
C:\Windows\System32\CoreUIComponents.dll:CoreUIComponents.dll (00007FF998520000), size: 3530752 (result: 0), SymType: '-exported-', PDB: 'C:\Windows\System32\CoreUIComponents.dll', fileVersion: 10.0.19041.546
C:\WINDOWS\SYSTEM32\ntmarta.dll:ntmarta.dll (00007FF99A020000), size: 208896 (result: 0), SymType: '-exported-', PDB: 'C:\WINDOWS\SYSTEM32\ntmarta.dll', fileVersion: 10.0.19041.546
C:\WINDOWS\WinSxS\amd64_microsoft.windows.gdiplus_6595b64144ccf1df_1.1.19041.1348_none_91a2627ccc89e3fb\gdiplus.dll:gdiplus.dll (00007FF97D2F0000), size: 1740800 (result: 0), SymType: '-exported-', PDB: 'C:\WINDOWS\WinSxS\amd64_microsoft.windows.gdiplus_6595b64144ccf1df_1.1.19041.1348_none_91a2627ccc89e3fb\gdiplus.dll', fileVersion: 10.0.19041.1348
C:\WINDOWS\System32\MSCTF.dll:MSCTF.dll (00007FF99C1C0000), size: 1134592 (result: 0), SymType: '-exported-', PDB: 'C:\WINDOWS\System32\MSCTF.dll', fileVersion: 10.0.19041.1202
C:\WINDOWS\SYSTEM32\edputil.dll:edputil.dll (00007FF978B50000), size: 147456 (result: 0), SymType: '-exported-', PDB: 'C:\WINDOWS\SYSTEM32\edputil.dll', fileVersion: 10.0.19041.546
C:\Windows\System32\Windows.StateRepositoryPS.dll:Windows.StateRepositoryPS.dll (00007FF980B40000), size: 1335296 (result: 0), SymType: '-exported-', PDB: 'C:\Windows\System32\Windows.StateRepositoryPS.dll', fileVersion: 10.0.19041.844
C:\WINDOWS\SYSTEM32\dbghelp.dll:dbghelp.dll (00007FF98A4A0000), size: 1982464 (result: 0), SymType: '-exported-', PDB: 'C:\WINDOWS\SYSTEM32\dbghelp.dll', fileVersion: 10.0.19041.867

========== OUTPUTTING STACK TRACE ==================

0x00007FF99B684F69 (KERNELBASE) RaiseException
0x00007FF677AE130D (Unity) EditorMonoConsole::LogToConsoleImplementation
0x00007FF677AE228A (Unity) EditorMonoConsole::LogToConsoleImplementation
0x00007FF67971819E (Unity) DebugStringToFilePostprocessedStacktrace
0x00007FF67971774F (Unity) DebugStringToFile
0x00007FF6768A0C5E (Unity) CachedReader::OutOfBoundsError
0x00007FF6768A5D34 (Unity) CachedReader::UpdateReadCache
0x00007FF676A03116 (Unity) ExecuteSerializationCommands<SafeBinaryRead>
0x00007FF676A0A05E (Unity) TransferScriptingObject<StreamedBinaryRead,0>
0x00007FF676A2550C (Unity) SerializableManagedRefTransfer::TransferBinaryInstanceOnly
0x00007FF676A05378 (Unity) SerializableManagedRefTransfer::RestoreBackupImpl<SerializableManagedRefBackupGenerator>
0x00007FF676A0521B (Unity) SerializableManagedRefTransfer::RestoreBackup<SerializableManagedRefBackupGenerator>
0x00007FF676F9D937 (Unity) SerializableManagedRefsUtilities::RestoreBackups
0x00007FF676ED91D4 (Unity) MonoManager::EndReloadAssembly
0x00007FF676EE0197 (Unity) MonoManager::ReloadAssembly
0x00007FF6782DE121 (Unity) LoadDomainAndUserAssemblies
0x00007FF6782DE5E9 (Unity) LoadUserAssemblies
0x00007FF6787549D8 (Unity) <lambda_905da1b37eb57b5d14adff71480f0ceb>::operator()
0x00007FF6787F8F22 (Unity) asio::detail::completion_handler<core::mutable_function<void __cdecl(void)> >::do_complete
0x00007FF6787FB080 (Unity) asio::detail::win_iocp_io_service::do_one
0x00007FF6787FE80E (Unity) asio::io_service::run
0x00007FF6787816BB (Unity) RunAssetImportWorkerClientV2
0x00007FF678781710 (Unity) RunAssetImporterV2
0x00007FF677C3C7B6 (Unity) Application::InitializeProject
0x00007FF6785F0702 (Unity) WinMain
0x00007FF67A44F716 (Unity) __scrt_common_main_seh
0x00007FF99DA67034 (KERNEL32) BaseThreadInitThunk
0x00007FF99DBA2651 (ntdll) RtlUserThreadStart

========== END OF STACKTRACE ===========

A crash has been intercepted by the crash handler. For call stack and other details, see the latest crash report generated in:
 * C:/Users/Revol/AppData/Local/Temp/Unity/Editor/Crashes
